2026-01-05 11:39:15,232 - api_test_framework.conftest - INFO - 测试会话开始
2026-01-05 11:39:15,724 - api_test_framework.conftest - INFO - ✓ api/test_ping::test_ping_endpoint
2026-01-05 11:39:16,067 - api_test_framework.conftest - INFO - ✓ api/test_ping::test_ping_response_time
2026-01-05 11:39:16,860 - api_test_framework.conftest - INFO - ✓ api/test_ping::test_ping_concurrent_requests
2026-01-05 11:39:16,864 - api_test_framework.conftest - INFO - 测试会话结束 - 退出状态码: 0
2026-01-08 10:28:52,137 - api_test_framework.conftest - INFO - 测试会话开始
2026-01-08 10:28:52,698 - api_test_framework.conftest - INFO - ✓ api/test_standalone_transfer::test_standalone_transfer_without_auth
2026-01-08 10:28:53,232 - api_test_framework.conftest - ERROR - ✗ api/test_standalone_transfer::test_standalone_transfer_with_valid_token
2026-01-08 10:28:53,232 - api_test_framework.conftest - ERROR - 失败原因: tests\api\test_standalone_transfer.py:66: in test_standalone_transfer_with_valid_token
    self.transfer_api._validate_status_code(response, 200)
core\api\base_api.py:50: in _validate_status_code
    assert response.status_code == expected, f"状态码应该为{expected}，实际为{response.status_code}"
E   AssertionError: 状态码应该为200，实际为404
2026-01-08 10:28:53,583 - api_test_framework.conftest - ERROR - ✗ api/test_standalone_transfer::test_standalone_transfer_invalid_params[0-test_account_001-400]
2026-01-08 10:28:53,584 - api_test_framework.conftest - ERROR - 失败原因: tests\api\test_standalone_transfer.py:99: in test_standalone_transfer_invalid_params
    self.transfer_api._validate_status_code(response, 200)
core\api\base_api.py:50: in _validate_status_code
    assert response.status_code == expected, f"状态码应该为{expected}，实际为{response.status_code}"
E   AssertionError: 状态码应该为200，实际为404
2026-01-08 10:28:53,962 - api_test_framework.conftest - ERROR - ✗ api/test_standalone_transfer::test_standalone_transfer_invalid_params[-100-test_account_001-400]
2026-01-08 10:28:53,963 - api_test_framework.conftest - ERROR - 失败原因: tests\api\test_standalone_transfer.py:99: in test_standalone_transfer_invalid_params
    self.transfer_api._validate_status_code(response, 200)
core\api\base_api.py:50: in _validate_status_code
    assert response.status_code == expected, f"状态码应该为{expected}，实际为{response.status_code}"
E   AssertionError: 状态码应该为200，实际为404
2026-01-08 10:28:54,382 - api_test_framework.conftest - ERROR - ✗ api/test_standalone_transfer::test_standalone_transfer_invalid_params[100--400]
2026-01-08 10:28:54,382 - api_test_framework.conftest - ERROR - 失败原因: tests\api\test_standalone_transfer.py:99: in test_standalone_transfer_invalid_params
    self.transfer_api._validate_status_code(response, 200)
core\api\base_api.py:50: in _validate_status_code
    assert response.status_code == expected, f"状态码应该为{expected}，实际为{response.status_code}"
E   AssertionError: 状态码应该为200，实际为404
2026-01-08 10:28:54,808 - api_test_framework.conftest - ERROR - ✗ api/test_standalone_transfer::test_standalone_transfer_invalid_params[100-None-400]
2026-01-08 10:28:54,809 - api_test_framework.conftest - ERROR - 失败原因: tests\api\test_standalone_transfer.py:99: in test_standalone_transfer_invalid_params
    self.transfer_api._validate_status_code(response, 200)
core\api\base_api.py:50: in _validate_status_code
    assert response.status_code == expected, f"状态码应该为{expected}，实际为{response.status_code}"
E   AssertionError: 状态码应该为200，实际为404
2026-01-08 10:28:55,209 - api_test_framework.conftest - ERROR - ✗ api/test_standalone_transfer::test_standalone_transfer_missing_params
2026-01-08 10:28:55,210 - api_test_framework.conftest - ERROR - 失败原因: tests\api\test_standalone_transfer.py:123: in test_standalone_transfer_missing_params
    self.transfer_api._validate_status_code(response, 200)
core\api\base_api.py:50: in _validate_status_code
    assert response.status_code == expected, f"状态码应该为{expected}，实际为{response.status_code}"
E   AssertionError: 状态码应该为200，实际为404
2026-01-08 10:28:55,215 - api_test_framework.conftest - INFO - 测试会话结束 - 退出状态码: 1
2026-01-08 10:32:14,345 - api_test_framework.conftest - INFO - 测试会话开始
2026-01-08 10:32:14,743 - api_test_framework.conftest - INFO - ✓ api/test_standalone_transfer::test_standalone_transfer_without_auth
2026-01-08 10:32:15,181 - api_test_framework.conftest - INFO - ✓ api/test_standalone_transfer::test_standalone_transfer_with_valid_token
2026-01-08 10:32:15,754 - api_test_framework.conftest - ERROR - ✗ api/test_standalone_transfer::test_standalone_transfer_invalid_params[0-test_account_001-400]
2026-01-08 10:32:15,754 - api_test_framework.conftest - ERROR - 失败原因: tests\api\test_standalone_transfer.py:100: in test_standalone_transfer_invalid_params
    self.transfer_api._validate_response_code(response, expected_code)
core\api\base_api.py:55: in _validate_response_code
    assert actual == expected, f"响应码应该为{expected}，实际为{actual}"
E   AssertionError: 响应码应该为400，实际为403
2026-01-08 10:32:16,166 - api_test_framework.conftest - ERROR - ✗ api/test_standalone_transfer::test_standalone_transfer_invalid_params[-100-test_account_001-400]
2026-01-08 10:32:16,167 - api_test_framework.conftest - ERROR - 失败原因: tests\api\test_standalone_transfer.py:100: in test_standalone_transfer_invalid_params
    self.transfer_api._validate_response_code(response, expected_code)
core\api\base_api.py:55: in _validate_response_code
    assert actual == expected, f"响应码应该为{expected}，实际为{actual}"
E   AssertionError: 响应码应该为400，实际为403
2026-01-08 10:32:16,621 - api_test_framework.conftest - ERROR - ✗ api/test_standalone_transfer::test_standalone_transfer_invalid_params[100--400]
2026-01-08 10:32:16,622 - api_test_framework.conftest - ERROR - 失败原因: tests\api\test_standalone_transfer.py:100: in test_standalone_transfer_invalid_params
    self.transfer_api._validate_response_code(response, expected_code)
core\api\base_api.py:55: in _validate_response_code
    assert actual == expected, f"响应码应该为{expected}，实际为{actual}"
E   AssertionError: 响应码应该为400，实际为403
2026-01-08 10:32:17,091 - api_test_framework.conftest - ERROR - ✗ api/test_standalone_transfer::test_standalone_transfer_invalid_params[100-None-400]
2026-01-08 10:32:17,092 - api_test_framework.conftest - ERROR - 失败原因: tests\api\test_standalone_transfer.py:100: in test_standalone_transfer_invalid_params
    self.transfer_api._validate_response_code(response, expected_code)
core\api\base_api.py:55: in _validate_response_code
    assert actual == expected, f"响应码应该为{expected}，实际为{actual}"
E   AssertionError: 响应码应该为400，实际为403
2026-01-08 10:32:17,441 - api_test_framework.conftest - ERROR - ✗ api/test_standalone_transfer::test_standalone_transfer_missing_params
2026-01-08 10:32:17,441 - api_test_framework.conftest - ERROR - 失败原因: tests\api\test_standalone_transfer.py:124: in test_standalone_transfer_missing_params
    self.transfer_api._validate_response_code(response, 400)
core\api\base_api.py:55: in _validate_response_code
    assert actual == expected, f"响应码应该为{expected}，实际为{actual}"
E   AssertionError: 响应码应该为400，实际为403
2026-01-08 10:32:17,446 - api_test_framework.conftest - INFO - 测试会话结束 - 退出状态码: 1
2026-01-08 10:37:22,495 - api_test_framework.conftest - INFO - 测试会话开始
2026-01-08 10:37:22,901 - api_test_framework.conftest - INFO - ✓ api/test_standalone_transfer::test_standalone_transfer_without_auth
2026-01-08 10:37:24,983 - api_test_framework.conftest - INFO - ✓ api/test_standalone_transfer::test_standalone_transfer_with_valid_token
2026-01-08 10:37:26,935 - api_test_framework.conftest - ERROR - ✗ api/test_standalone_transfer::test_standalone_transfer_invalid_params[0-1200-123-1-taobao-1234123421-341234123-1234-1234123-51-400]
2026-01-08 10:37:26,936 - api_test_framework.conftest - ERROR - 失败原因: tests\api\test_standalone_transfer.py:119: in test_standalone_transfer_invalid_params
    self.transfer_api._validate_response_code(response, expected_code)
core\api\base_api.py:55: in _validate_response_code
    assert actual == expected, f"响应码应该为{expected}，实际为{actual}"
E   AssertionError: 响应码应该为400，实际为500
2026-01-08 10:37:28,049 - api_test_framework.conftest - ERROR - ✗ api/test_standalone_transfer::test_standalone_transfer_invalid_params[-100-1200-123-1-taobao-1234123421-341234123-1234-1234123-51-400]
2026-01-08 10:37:28,050 - api_test_framework.conftest - ERROR - 失败原因: tests\api\test_standalone_transfer.py:119: in test_standalone_transfer_invalid_params
    self.transfer_api._validate_response_code(response, expected_code)
core\api\base_api.py:55: in _validate_response_code
    assert actual == expected, f"响应码应该为{expected}，实际为{actual}"
E   AssertionError: 响应码应该为400，实际为500
2026-01-08 10:37:28,981 - api_test_framework.conftest - ERROR - ✗ api/test_standalone_transfer::test_standalone_transfer_invalid_params[1200-1200-123-1-taobao--341234123-1234-1234123-51-400]
2026-01-08 10:37:28,981 - api_test_framework.conftest - ERROR - 失败原因: tests\api\test_standalone_transfer.py:119: in test_standalone_transfer_invalid_params
    self.transfer_api._validate_response_code(response, expected_code)
core\api\base_api.py:55: in _validate_response_code
    assert actual == expected, f"响应码应该为{expected}，实际为{actual}"
E   AssertionError: 响应码应该为400，实际为500
2026-01-08 10:37:29,849 - api_test_framework.conftest - ERROR - ✗ api/test_standalone_transfer::test_standalone_transfer_invalid_params[1200-1200-123-1-taobao-1234123421--1234-1234123-51-400]
2026-01-08 10:37:29,849 - api_test_framework.conftest - ERROR - 失败原因: tests\api\test_standalone_transfer.py:119: in test_standalone_transfer_invalid_params
    self.transfer_api._validate_response_code(response, expected_code)
core\api\base_api.py:55: in _validate_response_code
    assert actual == expected, f"响应码应该为{expected}，实际为{actual}"
E   AssertionError: 响应码应该为400，实际为500
2026-01-08 10:37:30,165 - api_test_framework.conftest - INFO - ✓ api/test_standalone_transfer::test_standalone_transfer_invalid_params[1200-1200-123-1-taobao-1234123421-341234123--1234123-51-400]
2026-01-08 10:37:30,486 - api_test_framework.conftest - INFO - ✓ api/test_standalone_transfer::test_standalone_transfer_invalid_params[1200-1200-123-1-taobao-1234123421-341234123-1234--51-400]
2026-01-08 10:37:30,860 - api_test_framework.conftest - INFO - ✓ api/test_standalone_transfer::test_standalone_transfer_missing_params
2026-01-08 10:37:30,864 - api_test_framework.conftest - INFO - 测试会话结束 - 退出状态码: 1
2026-01-08 10:56:05,889 - api_test_framework.conftest - INFO - 测试会话开始
2026-01-08 10:56:06,339 - api_test_framework.conftest - INFO - ✓ api/test_standalone_transfer::test_get_transfer_list_without_auth
2026-01-08 10:56:06,753 - api_test_framework.conftest - INFO - ✓ api/test_standalone_transfer::test_get_transfer_list_with_valid_params
2026-01-08 10:56:07,198 - api_test_framework.conftest - ERROR - ✗ api/test_standalone_transfer::test_get_transfer_list_invalid_pagination[0-10-1765123200-1765209599]
2026-01-08 10:56:07,198 - api_test_framework.conftest - ERROR - 失败原因: tests\api\test_standalone_transfer.py:113: in test_get_transfer_list_invalid_pagination
    self.transfer_api._validate_response_code(response, 400)
core\api\base_api.py:55: in _validate_response_code
    assert actual == expected, f"响应码应该为{expected}，实际为{actual}"
E   AssertionError: 响应码应该为400，实际为500
2026-01-08 10:56:07,560 - api_test_framework.conftest - ERROR - ✗ api/test_standalone_transfer::test_get_transfer_list_invalid_pagination[-1-10-1765123200-1765209599]
2026-01-08 10:56:07,561 - api_test_framework.conftest - ERROR - 失败原因: tests\api\test_standalone_transfer.py:113: in test_get_transfer_list_invalid_pagination
    self.transfer_api._validate_response_code(response, 400)
core\api\base_api.py:55: in _validate_response_code
    assert actual == expected, f"响应码应该为{expected}，实际为{actual}"
E   AssertionError: 响应码应该为400，实际为500
2026-01-08 10:56:07,956 - api_test_framework.conftest - ERROR - ✗ api/test_standalone_transfer::test_get_transfer_list_invalid_pagination[1-0-1765123200-1765209599]
2026-01-08 10:56:07,957 - api_test_framework.conftest - ERROR - 失败原因: tests\api\test_standalone_transfer.py:113: in test_get_transfer_list_invalid_pagination
    self.transfer_api._validate_response_code(response, 400)
core\api\base_api.py:55: in _validate_response_code
    assert actual == expected, f"响应码应该为{expected}，实际为{actual}"
E   AssertionError: 响应码应该为400，实际为200
2026-01-08 10:56:08,309 - api_test_framework.conftest - ERROR - ✗ api/test_standalone_transfer::test_get_transfer_list_invalid_pagination[1--1-1765123200-1765209599]
2026-01-08 10:56:08,310 - api_test_framework.conftest - ERROR - 失败原因: tests\api\test_standalone_transfer.py:113: in test_get_transfer_list_invalid_pagination
    self.transfer_api._validate_response_code(response, 400)
core\api\base_api.py:55: in _validate_response_code
    assert actual == expected, f"响应码应该为{expected}，实际为{actual}"
E   AssertionError: 响应码应该为400，实际为500
2026-01-08 10:56:08,623 - api_test_framework.conftest - ERROR - ✗ api/test_standalone_transfer::test_get_transfer_list_invalid_pagination[1-1001-1765123200-1765209599]
2026-01-08 10:56:08,623 - api_test_framework.conftest - ERROR - 失败原因: tests\api\test_standalone_transfer.py:113: in test_get_transfer_list_invalid_pagination
    self.transfer_api._validate_response_code(response, 400)
core\api\base_api.py:55: in _validate_response_code
    assert actual == expected, f"响应码应该为{expected}，实际为{actual}"
E   AssertionError: 响应码应该为400，实际为200
2026-01-08 10:56:08,921 - api_test_framework.conftest - INFO - ✓ api/test_standalone_transfer::test_get_transfer_list_without_time_range
2026-01-08 10:56:09,279 - api_test_framework.conftest - ERROR - ✗ api/test_standalone_transfer::test_get_transfer_list_invalid_time_range
2026-01-08 10:56:09,279 - api_test_framework.conftest - ERROR - 失败原因: tests\api\test_standalone_transfer.py:166: in test_get_transfer_list_invalid_time_range
    self.transfer_api._validate_response_code(response, 400)
core\api\base_api.py:55: in _validate_response_code
    assert actual == expected, f"响应码应该为{expected}，实际为{actual}"
E   AssertionError: 响应码应该为400，实际为200
2026-01-08 10:56:09,284 - api_test_framework.conftest - INFO - 测试会话结束 - 退出状态码: 1
2026-01-08 10:57:27,631 - api_test_framework.conftest - INFO - 测试会话开始
2026-01-08 10:57:28,075 - api_test_framework.conftest - INFO - ✓ api/test_standalone_transfer::test_get_transfer_list_without_auth
2026-01-08 10:57:28,379 - api_test_framework.conftest - INFO - ✓ api/test_standalone_transfer::test_get_transfer_list_with_valid_params
2026-01-08 10:57:28,809 - api_test_framework.conftest - INFO - ✓ api/test_standalone_transfer::test_get_transfer_list_invalid_pagination[0-10-1765123200-1765209599-500]
2026-01-08 10:57:29,234 - api_test_framework.conftest - INFO - ✓ api/test_standalone_transfer::test_get_transfer_list_invalid_pagination[-1-10-1765123200-1765209599-500]
2026-01-08 10:57:29,551 - api_test_framework.conftest - INFO - ✓ api/test_standalone_transfer::test_get_transfer_list_invalid_pagination[1-0-1765123200-1765209599-200]
2026-01-08 10:57:29,893 - api_test_framework.conftest - INFO - ✓ api/test_standalone_transfer::test_get_transfer_list_invalid_pagination[1--1-1765123200-1765209599-500]
2026-01-08 10:57:30,216 - api_test_framework.conftest - INFO - ✓ api/test_standalone_transfer::test_get_transfer_list_invalid_pagination[1-1001-1765123200-1765209599-200]
2026-01-08 10:57:30,531 - api_test_framework.conftest - INFO - ✓ api/test_standalone_transfer::test_get_transfer_list_without_time_range
2026-01-08 10:57:30,851 - api_test_framework.conftest - INFO - ✓ api/test_standalone_transfer::test_get_transfer_list_invalid_time_range
2026-01-08 10:57:30,855 - api_test_framework.conftest - INFO - 测试会话结束 - 退出状态码: 0
2026-01-08 14:33:49,314 - api_test_framework.conftest - INFO - 测试会话开始
2026-01-08 14:33:49,745 - api_test_framework.conftest - INFO - ✓ api/test_create_transfer::test_create_transfer_without_auth
2026-01-08 14:33:51,282 - api_test_framework.conftest - INFO - ✓ api/test_create_transfer::test_create_transfer_with_valid_params
2026-01-08 14:33:52,310 - api_test_framework.conftest - ERROR - ✗ api/test_create_transfer::test_create_transfer_invalid_params[0-1200-123-1-taobao-1234123421-341234123-1234-1234123-51]
2026-01-08 14:33:52,311 - api_test_framework.conftest - ERROR - 失败原因: tests\api\test_create_transfer.py:128: in test_create_transfer_invalid_params
    self.transfer_api._validate_response_code(response, 400)
core\api\base_api.py:55: in _validate_response_code
    assert actual == expected, f"响应码应该为{expected}，实际为{actual}"
E   AssertionError: 响应码应该为400，实际为500
2026-01-08 14:33:53,434 - api_test_framework.conftest - ERROR - ✗ api/test_create_transfer::test_create_transfer_invalid_params[-100-1200-123-1-taobao-1234123421-341234123-1234-1234123-51]
2026-01-08 14:33:53,434 - api_test_framework.conftest - ERROR - 失败原因: tests\api\test_create_transfer.py:128: in test_create_transfer_invalid_params
    self.transfer_api._validate_response_code(response, 400)
core\api\base_api.py:55: in _validate_response_code
    assert actual == expected, f"响应码应该为{expected}，实际为{actual}"
E   AssertionError: 响应码应该为400，实际为500
2026-01-08 14:33:54,400 - api_test_framework.conftest - ERROR - ✗ api/test_create_transfer::test_create_transfer_invalid_params[1200-1200-123-1-taobao--341234123-1234-1234123-51]
2026-01-08 14:33:54,400 - api_test_framework.conftest - ERROR - 失败原因: tests\api\test_create_transfer.py:128: in test_create_transfer_invalid_params
    self.transfer_api._validate_response_code(response, 400)
core\api\base_api.py:55: in _validate_response_code
    assert actual == expected, f"响应码应该为{expected}，实际为{actual}"
E   AssertionError: 响应码应该为400，实际为500
2026-01-08 14:33:55,355 - api_test_framework.conftest - ERROR - ✗ api/test_create_transfer::test_create_transfer_invalid_params[1200-1200-123-1-taobao-1234123421--1234-1234123-51]
2026-01-08 14:33:55,356 - api_test_framework.conftest - ERROR - 失败原因: tests\api\test_create_transfer.py:128: in test_create_transfer_invalid_params
    self.transfer_api._validate_response_code(response, 400)
core\api\base_api.py:55: in _validate_response_code
    assert actual == expected, f"响应码应该为{expected}，实际为{actual}"
E   AssertionError: 响应码应该为400，实际为500
2026-01-08 14:33:55,685 - api_test_framework.conftest - INFO - ✓ api/test_create_transfer::test_create_transfer_invalid_params[1200-1200-123-1-taobao-1234123421-341234123--1234123-51]
2026-01-08 14:33:55,978 - api_test_framework.conftest - INFO - ✓ api/test_create_transfer::test_create_transfer_invalid_params[1200-1200-123-1-taobao-1234123421-341234123-1234--51]
2026-01-08 14:33:55,987 - api_test_framework.conftest - INFO - 测试会话结束 - 退出状态码: 1
2026-01-08 14:35:49,950 - api_test_framework.conftest - INFO - 测试会话开始
2026-01-08 14:35:50,369 - api_test_framework.conftest - INFO - ✓ api/test_create_transfer::test_create_transfer_without_auth
2026-01-08 14:35:51,803 - api_test_framework.conftest - INFO - ✓ api/test_create_transfer::test_create_transfer_with_valid_params
2026-01-08 14:35:52,884 - api_test_framework.conftest - INFO - ✓ api/test_create_transfer::test_create_transfer_invalid_params[0-1200-123-1-taobao-1234123421-341234123-1234-1234123-51-500]
2026-01-08 14:35:53,798 - api_test_framework.conftest - INFO - ✓ api/test_create_transfer::test_create_transfer_invalid_params[-100-1200-123-1-taobao-1234123421-341234123-1234-1234123-51-500]
2026-01-08 14:35:54,696 - api_test_framework.conftest - INFO - ✓ api/test_create_transfer::test_create_transfer_invalid_params[1200-1200-123-1-taobao--341234123-1234-1234123-51-500]
2026-01-08 14:35:55,526 - api_test_framework.conftest - INFO - ✓ api/test_create_transfer::test_create_transfer_invalid_params[1200-1200-123-1-taobao-1234123421--1234-1234123-51-500]
2026-01-08 14:35:55,954 - api_test_framework.conftest - ERROR - ✗ api/test_create_transfer::test_create_transfer_invalid_params[1200-1200-123-1-taobao-1234123421-341234123--1234123-51-500]
2026-01-08 14:35:55,954 - api_test_framework.conftest - ERROR - 失败原因: tests\api\test_create_transfer.py:128: in test_create_transfer_invalid_params
    self.transfer_api._validate_response_code(response, expected_code)
core\api\base_api.py:55: in _validate_response_code
    assert actual == expected, f"响应码应该为{expected}，实际为{actual}"
E   AssertionError: 响应码应该为500，实际为400
2026-01-08 14:35:56,258 - api_test_framework.conftest - ERROR - ✗ api/test_create_transfer::test_create_transfer_invalid_params[1200-1200-123-1-taobao-1234123421-341234123-1234--51-500]
2026-01-08 14:35:56,259 - api_test_framework.conftest - ERROR - 失败原因: tests\api\test_create_transfer.py:128: in test_create_transfer_invalid_params
    self.transfer_api._validate_response_code(response, expected_code)
core\api\base_api.py:55: in _validate_response_code
    assert actual == expected, f"响应码应该为{expected}，实际为{actual}"
E   AssertionError: 响应码应该为500，实际为400
2026-01-08 14:35:56,266 - api_test_framework.conftest - INFO - 测试会话结束 - 退出状态码: 1
2026-01-08 16:16:52,257 - api_test_framework.conftest - INFO - 测试会话开始
2026-01-08 16:16:52,704 - api_test_framework.conftest - INFO - ✓ api/test_standalone_transfer::test_get_transfer_list_without_auth
2026-01-08 16:16:53,025 - api_test_framework.conftest - INFO - ✓ api/test_standalone_transfer::test_get_transfer_list[test_case0]
2026-01-08 16:16:53,344 - api_test_framework.conftest - INFO - ✓ api/test_standalone_transfer::test_get_transfer_list[test_case1]
2026-01-08 16:16:53,663 - api_test_framework.conftest - INFO - ✓ api/test_standalone_transfer::test_get_transfer_list[test_case2]
2026-01-08 16:16:54,122 - api_test_framework.conftest - ERROR - ✗ api/test_standalone_transfer::test_get_transfer_list[test_case3]
2026-01-08 16:16:54,122 - api_test_framework.conftest - ERROR - 失败原因: tests\api\test_standalone_transfer.py:85: in test_get_transfer_list
    self.transfer_api._validate_response_code(response, test_case["expected_code"])
core\api\base_api.py:55: in _validate_response_code
    assert actual == expected, f"响应码应该为{expected}，实际为{actual}"
E   AssertionError: 响应码应该为400，实际为500
2026-01-08 16:16:56,222 - api_test_framework.conftest - ERROR - ✗ api/test_create_transfer::test_create_transfer_without_auth
2026-01-08 16:16:56,222 - api_test_framework.conftest - ERROR - 失败原因: tests\api\test_create_transfer.py:50: in test_create_transfer_without_auth
    self.transfer_api._validate_status_code(response, 401)
core\api\base_api.py:50: in _validate_status_code
    assert response.status_code == expected, f"状态码应该为{expected}，实际为{response.status_code}"
E   AssertionError: 状态码应该为401，实际为200
2026-01-08 16:16:57,480 - api_test_framework.conftest - INFO - ✓ api/test_create_transfer::test_create_transfer_invalid_params[test_case0]
2026-01-08 16:16:58,530 - api_test_framework.conftest - INFO - ✓ api/test_create_transfer::test_create_transfer_invalid_params[test_case1]
2026-01-08 16:16:59,547 - api_test_framework.conftest - INFO - ✓ api/test_create_transfer::test_create_transfer_invalid_params[test_case2]
2026-01-08 16:17:00,469 - api_test_framework.conftest - INFO - ✓ api/test_create_transfer::test_create_transfer_invalid_params[test_case3]
2026-01-08 16:17:00,779 - api_test_framework.conftest - ERROR - ✗ api/test_create_transfer::test_create_transfer_invalid_params[test_case4]
2026-01-08 16:17:00,779 - api_test_framework.conftest - ERROR - 失败原因: tests\api\test_create_transfer.py:85: in test_create_transfer_invalid_params
    self.transfer_api._validate_response_code(response, test_case["expected_code"])
core\api\base_api.py:55: in _validate_response_code
    assert actual == expected, f"响应码应该为{expected}，实际为{actual}"
E   AssertionError: 响应码应该为500，实际为400
2026-01-08 16:17:01,172 - api_test_framework.conftest - ERROR - ✗ api/test_create_transfer::test_create_transfer_invalid_params[test_case5]
2026-01-08 16:17:01,173 - api_test_framework.conftest - ERROR - 失败原因: tests\api\test_create_transfer.py:85: in test_create_transfer_invalid_params
    self.transfer_api._validate_response_code(response, test_case["expected_code"])
core\api\base_api.py:55: in _validate_response_code
    assert actual == expected, f"响应码应该为{expected}，实际为{actual}"
E   AssertionError: 响应码应该为500，实际为400
2026-01-08 16:17:01,178 - api_test_framework.conftest - INFO - 测试会话结束 - 退出状态码: 1
2026-01-08 16:19:39,031 - api_test_framework.conftest - INFO - 测试会话开始
2026-01-08 16:19:39,497 - api_test_framework.conftest - INFO - ✓ api/test_standalone_transfer::test_get_transfer_list_without_auth
2026-01-08 16:19:39,855 - api_test_framework.conftest - INFO - ✓ api/test_standalone_transfer::test_get_transfer_list[test_case0]
2026-01-08 16:19:40,216 - api_test_framework.conftest - INFO - ✓ api/test_standalone_transfer::test_get_transfer_list[test_case1]
2026-01-08 16:19:40,593 - api_test_framework.conftest - INFO - ✓ api/test_standalone_transfer::test_get_transfer_list[test_case2]
2026-01-08 16:19:40,886 - api_test_framework.conftest - INFO - ✓ api/test_standalone_transfer::test_get_transfer_list[test_case3]
2026-01-08 16:19:42,012 - api_test_framework.conftest - INFO - ✓ api/test_create_transfer::test_create_transfer_without_auth
2026-01-08 16:19:42,934 - api_test_framework.conftest - INFO - ✓ api/test_create_transfer::test_create_transfer_invalid_params[test_case0]
2026-01-08 16:19:44,011 - api_test_framework.conftest - INFO - ✓ api/test_create_transfer::test_create_transfer_invalid_params[test_case1]
2026-01-08 16:19:44,862 - api_test_framework.conftest - INFO - ✓ api/test_create_transfer::test_create_transfer_invalid_params[test_case2]
2026-01-08 16:19:45,789 - api_test_framework.conftest - INFO - ✓ api/test_create_transfer::test_create_transfer_invalid_params[test_case3]
2026-01-08 16:19:46,137 - api_test_framework.conftest - INFO - ✓ api/test_create_transfer::test_create_transfer_invalid_params[test_case4]
2026-01-08 16:19:46,461 - api_test_framework.conftest - INFO - ✓ api/test_create_transfer::test_create_transfer_invalid_params[test_case5]
2026-01-08 16:19:46,466 - api_test_framework.conftest - INFO - 测试会话结束 - 退出状态码: 0
