{"name": "缺少必填字段-extra_data.items", "status": "failed", "statusDetails": {"message": "AssertionError: 响应码应该为200，实际为400\nassert 400 == 200", "trace": "tests\\api\\test_wo_api.py:174: in test_wo_api\n    self._run_validations(response, test_case[\"request\"], test_case[\"validations\"])\ntests\\api\\test_wo_api.py:122: in _run_validations\n    self._validate_response_code(response, validation[\"expected\"])\ntests\\api\\test_wo_api.py:47: in _validate_response_code\n    assert response_data[\"code\"] == expected, f\"响应码应该为{expected}，实际为{response_data['code']}\"\nE   AssertionError: 响应码应该为200，实际为400\nE   assert 400 == 200"}, "steps": [{"name": "测试用例: 缺少必填字段-extra_data.items", "status": "failed", "statusDetails": {"message": "AssertionError: 响应码应该为200，实际为400\nassert 400 == 200\n", "trace": "  File \"D:\\code\\test\\api_test_framework\\tests\\api\\test_wo_api.py\", line 174, in test_wo_api\n    self._run_validations(response, test_case[\"request\"], test_case[\"validations\"])\n    ~~~~~~~~~~~~~~~~~~~~~^^^^^^^^^^^^^^^^^^^^^^^^^^^^^^^^^^^^^^^^^^^^^^^^^^^^^^^^^^\n  File \"D:\\code\\test\\api_test_framework\\tests\\api\\test_wo_api.py\", line 122, in _run_validations\n    self._validate_response_code(response, validation[\"expected\"])\n    ~~~~~~~~~~~~~~~~~~~~~~~~~~~~^^^^^^^^^^^^^^^^^^^^^^^^^^^^^^^^^^\n  File \"D:\\code\\test\\api_test_framework\\tests\\api\\test_wo_api.py\", line 47, in _validate_response_code\n    assert response_data[\"code\"] == expected, f\"响应码应该为{expected}，实际为{response_data['code']}\"\n"}, "steps": [{"name": "发送请求", "status": "passed", "attachments": [{"name": "响应内容", "source": "e920a33b-484b-4d7d-851c-d8b124ec61b6-attachment.txt", "type": "text/plain"}, {"name": "请求数据", "source": "337bfbb1-1ef1-438d-a58e-bf696ceb9dfa-attachment.json", "type": "application/json"}], "start": 1767014449855, "stop": 1767014450154}, {"name": "验证响应", "status": "failed", "statusDetails": {"message": "AssertionError: 响应码应该为200，实际为400\nassert 400 == 200\n", "trace": "  File \"D:\\code\\test\\api_test_framework\\tests\\api\\test_wo_api.py\", line 174, in test_wo_api\n    self._run_validations(response, test_case[\"request\"], test_case[\"validations\"])\n    ~~~~~~~~~~~~~~~~~~~~~^^^^^^^^^^^^^^^^^^^^^^^^^^^^^^^^^^^^^^^^^^^^^^^^^^^^^^^^^^\n  File \"D:\\code\\test\\api_test_framework\\tests\\api\\test_wo_api.py\", line 122, in _run_validations\n    self._validate_response_code(response, validation[\"expected\"])\n    ~~~~~~~~~~~~~~~~~~~~~~~~~~~~^^^^^^^^^^^^^^^^^^^^^^^^^^^^^^^^^^\n  File \"D:\\code\\test\\api_test_framework\\tests\\api\\test_wo_api.py\", line 47, in _validate_response_code\n    assert response_data[\"code\"] == expected, f\"响应码应该为{expected}，实际为{response_data['code']}\"\n"}, "start": 1767014450154, "stop": 1767014450154}], "start": 1767014449855, "stop": 1767014450155}], "attachments": [{"name": "失败信息", "source": "41a5ad53-ffb6-4b06-aa6b-a8c81142961c-attachment.txt", "type": "text/plain"}], "parameters": [{"name": "test_case_index", "value": "7"}], "start": 1767014449854, "stop": 1767014450156, "uuid": "98b47dfc-664e-408d-a66b-802b8e96a4ff", "historyId": "4428ccae16670e37b8b6427ff41fbc5b", "testCaseId": "5669fa0d7c46f548df7397704e776171", "fullName": "tests.api.test_wo_api.TestWoAPI#test_wo_api", "labels": [{"name": "feature", "value": "工单管理"}, {"name": "story", "value": "创建工单接口"}, {"name": "severity", "value": "critical"}, {"name": "tag", "value": "smoke"}, {"name": "tag", "value": "api"}, {"name": "tag", "value": "wo"}, {"name": "tag", "value": "wo"}, {"name": "tag", "value": "api"}, {"name": "tag", "value": "smoke"}, {"name": "parentSuite", "value": "tests.api"}, {"name": "suite", "value": "test_wo_api"}, {"name": "subSuite", "value": "TestWoAPI"}, {"name": "host", "value": "lianxiang"}, {"name": "thread", "value": "9224-MainThread"}, {"name": "framework", "value": "pytest"}, {"name": "language", "value": "cpython3"}, {"name": "package", "value": "tests.api.test_wo_api"}]}