{"name": "检测路径遍历攻击", "status": "failed", "statusDetails": {"message": "AssertionError: 路径遍历防护失败，状态码: 200\nassert 200 in [400, 403, 404]\n +  where 200 = <Response [200]>.status_code", "trace": "tests\\api\\test_security.py:162: in test_path_traversal\n    assert response.status_code in [\nE   AssertionError: 路径遍历防护失败，状态码: 200\nE   assert 200 in [400, 403, 404]\nE    +  where 200 = <Response [200]>.status_code"}, "steps": [{"name": "测试路径遍历载荷: ../../../etc/passwd", "status": "failed", "statusDetails": {"message": "AssertionError: 路径遍历防护失败，状态码: 200\nassert 200 in [400, 403, 404]\n +  where 200 = <Response [200]>.status_code\n", "trace": "  File \"D:\\code\\test\\api_test_framework\\tests\\api\\test_security.py\", line 162, in test_path_traversal\n    assert response.status_code in [\n    ...<3 lines>...\n    ], f\"路径遍历防护失败，状态码: {response.status_code}\"\n"}, "steps": [{"name": "发送GET请求", "status": "passed", "parameters": [{"name": "endpoint", "value": "'/files/../../../etc/passwd'"}, {"name": "expected_status", "value": "200"}], "start": 1766996008547, "stop": 1766996008934}], "attachments": [{"name": "路径遍历检测结果", "source": "5f99e9c0-7e45-4241-b064-e8bad69ee6d6-attachment.attach"}], "start": 1766996008547, "stop": 1766996008935}], "attachments": [{"name": "失败信息", "source": "f452c160-6648-4a76-9623-aa9ceebae75d-attachment.txt", "type": "text/plain"}, {"name": "log", "source": "99f50516-fdd5-40f1-8036-f3de4fad590d-attachment.txt", "type": "text/plain"}, {"name": "stdout", "source": "7864c062-3387-4df3-af9d-e9fbffc563ce-attachment.txt", "type": "text/plain"}], "start": 1766996008547, "stop": 1766996008935, "uuid": "04e22e7c-cce9-4225-96f6-56856836e726", "historyId": "51f7e849eb5a284057bf36aafbebc54b", "testCaseId": "51f7e849eb5a284057bf36aafbebc54b", "fullName": "tests.api.test_security.TestPathTraversal#test_path_traversal", "labels": [{"name": "story", "value": "路径遍历检测"}, {"name": "severity", "value": "critical"}, {"name": "feature", "value": "安全测试"}, {"name": "tag", "value": "api"}, {"name": "tag", "value": "security"}, {"name": "parentSuite", "value": "tests.api"}, {"name": "suite", "value": "test_security"}, {"name": "subSuite", "value": "TestPathTraversal"}, {"name": "host", "value": "lianxiang"}, {"name": "thread", "value": "548-MainThread"}, {"name": "framework", "value": "pytest"}, {"name": "language", "value": "cpython3"}, {"name": "package", "value": "tests.api.test_security"}]}