{"name": "缺少必填字段", "status": "failed", "statusDetails": {"message": "AssertionError: 状态码不匹配: 期望 400, 实际 401", "trace": "tests\\api\\test_user_api.py:81: in test_missing_required_field\n    response = self.post(\"/users/register\", json=user_data, expected_status=400)\ncore\\base_test.py:51: in post\n    self.validator.validate_status_code(response, expected_status)\ncore\\validator.py:16: in validate_status_code\n    actual_status == expected_status\nE   AssertionError: 状态码不匹配: 期望 400, 实际 401"}, "steps": [{"name": "发送POST请求", "status": "failed", "statusDetails": {"message": "AssertionError: 状态码不匹配: 期望 400, 实际 401\n", "trace": "  File \"C:\\Users\\15071\\AppData\\Local\\Programs\\Python\\Python313\\Lib\\site-packages\\allure_commons\\_allure.py\", line 192, in impl\n    return func(*a, **kw)\n  File \"D:\\code\\test\\api_test_framework\\core\\base_test.py\", line 51, in post\n    self.validator.validate_status_code(response, expected_status)\n    ~~~~~~~~~~~~~~~~~~~~~~~~~~~~~~~~~~~^^^^^^^^^^^^^^^^^^^^^^^^^^^\n  File \"D:\\code\\test\\api_test_framework\\core\\validator.py\", line 16, in validate_status_code\n    actual_status == expected_status\n"}, "parameters": [{"name": "endpoint", "value": "'/users/register'"}, {"name": "expected_status", "value": "400"}, {"name": "json", "value": "{'email': 'yang29@example.com', 'phone': '13916683577', 'name': '潘洁', 'age': 44, 'address': '湖北省静市金平王路b座 463326', 'avatar': 'https://dummyimage.com/223x922'}"}], "start": 1766983616365, "stop": 1766983616605}], "attachments": [{"name": "失败信息", "source": "c96a5cd7-a07b-48c1-baab-cb2daf051706-attachment.txt", "type": "text/plain"}, {"name": "log", "source": "e953b9de-c5f2-4dea-8a58-4f0be0782a7f-attachment.txt", "type": "text/plain"}, {"name": "stdout", "source": "5788f4c6-8b26-4d9d-bd2f-e3f2b12d0668-attachment.txt", "type": "text/plain"}], "parameters": [{"name": "missing_field", "value": "'username'"}], "start": 1766983616365, "stop": 1766983616606, "uuid": "8b479d59-18d2-4b5f-8511-0185d98c8d1b", "historyId": "6d4641db7992b2e7e41a892c242f1574", "testCaseId": "a7930302f75d437c6f45ada338e0aa10", "fullName": "tests.api.test_user_api.TestUserRegistration#test_missing_required_field", "labels": [{"name": "feature", "value": "用户管理"}, {"name": "story", "value": "用户注册"}, {"name": "severity", "value": "normal"}, {"name": "tag", "value": "api"}, {"name": "tag", "value": "regression"}, {"name": "parentSuite", "value": "tests.api"}, {"name": "suite", "value": "test_user_api"}, {"name": "subSuite", "value": "TestUserRegistration"}, {"name": "host", "value": "lianxiang"}, {"name": "thread", "value": "20648-MainThread"}, {"name": "framework", "value": "pytest"}, {"name": "language", "value": "cpython3"}, {"name": "package", "value": "tests.api.test_user_api"}]}