{"name": "检测无效Token访问", "status": "failed", "statusDetails": {"message": "AssertionError: 状态码不匹配: 期望 200, 实际 401", "trace": "tests\\api\\test_security.py:203: in test_invalid_token\n    response = self.get(\"/api/users/me\")\ncore\\base_test.py:43: in get\n    self.validator.validate_status_code(response, expected_status)\ncore\\validator.py:16: in validate_status_code\n    actual_status == expected_status\nE   AssertionError: 状态码不匹配: 期望 200, 实际 401"}, "steps": [{"name": "测试无效Token: ...", "status": "failed", "statusDetails": {"message": "AssertionError: 状态码不匹配: 期望 200, 实际 401\n", "trace": "  File \"D:\\code\\test\\api_test_framework\\tests\\api\\test_security.py\", line 203, in test_invalid_token\n    response = self.get(\"/api/users/me\")\n  File \"C:\\Users\\15071\\AppData\\Local\\Programs\\Python\\Python313\\Lib\\site-packages\\allure_commons\\_allure.py\", line 192, in impl\n    return func(*a, **kw)\n  File \"D:\\code\\test\\api_test_framework\\core\\base_test.py\", line 43, in get\n    self.validator.validate_status_code(response, expected_status)\n    ~~~~~~~~~~~~~~~~~~~~~~~~~~~~~~~~~~~^^^^^^^^^^^^^^^^^^^^^^^^^^^\n  File \"D:\\code\\test\\api_test_framework\\core\\validator.py\", line 16, in validate_status_code\n    actual_status == expected_status\n"}, "steps": [{"name": "发送GET请求", "status": "failed", "statusDetails": {"message": "AssertionError: 状态码不匹配: 期望 200, 实际 401\n", "trace": "  File \"C:\\Users\\15071\\AppData\\Local\\Programs\\Python\\Python313\\Lib\\site-packages\\allure_commons\\_allure.py\", line 192, in impl\n    return func(*a, **kw)\n  File \"D:\\code\\test\\api_test_framework\\core\\base_test.py\", line 43, in get\n    self.validator.validate_status_code(response, expected_status)\n    ~~~~~~~~~~~~~~~~~~~~~~~~~~~~~~~~~~~^^^^^^^^^^^^^^^^^^^^^^^^^^^\n  File \"D:\\code\\test\\api_test_framework\\core\\validator.py\", line 16, in validate_status_code\n    actual_status == expected_status\n"}, "parameters": [{"name": "endpoint", "value": "'/api/users/me'"}, {"name": "expected_status", "value": "200"}], "start": 1766983429463, "stop": 1766983429710}], "start": 1766983429463, "stop": 1766983429710}], "attachments": [{"name": "失败信息", "source": "58356119-af36-4f9d-b111-16e08bfbe608-attachment.txt", "type": "text/plain"}, {"name": "log", "source": "213790df-3f10-4f97-ba2f-0aec8afba24e-attachment.txt", "type": "text/plain"}, {"name": "stdout", "source": "074d894e-5011-46be-88c9-5a47db30b56e-attachment.txt", "type": "text/plain"}], "start": 1766983429463, "stop": 1766983429711, "uuid": "a429a4af-8356-4c50-a72a-e6702dd22fa3", "historyId": "b6069386863fda8d69456976df1f1e45", "testCaseId": "b6069386863fda8d69456976df1f1e45", "fullName": "tests.api.test_security.TestAuthBypass#test_invalid_token", "labels": [{"name": "story", "value": "认证绕过检测"}, {"name": "severity", "value": "critical"}, {"name": "feature", "value": "安全测试"}, {"name": "tag", "value": "api"}, {"name": "tag", "value": "security"}, {"name": "parentSuite", "value": "tests.api"}, {"name": "suite", "value": "test_security"}, {"name": "subSuite", "value": "TestAuthBypass"}, {"name": "host", "value": "lianxiang"}, {"name": "thread", "value": "14876-MainThread"}, {"name": "framework", "value": "pytest"}, {"name": "language", "value": "cpython3"}, {"name": "package", "value": "tests.api.test_security"}]}