{"name": "检测XSS攻击", "status": "failed", "statusDetails": {"message": "AssertionError: 状态码不匹配: 期望 201, 实际 401", "trace": "E   AssertionError: 状态码不匹配: 期望 201, 实际 401"}, "steps": [{"name": "测试XSS载荷: <script>alert('XSS')</script>...", "status": "failed", "statusDetails": {"message": "AssertionError: 状态码不匹配: 期望 201, 实际 401\n", "trace": "  File \"D:\\code\\test\\api_test_framework\\tests\\api\\test_security.py\", line 109, in test_xss_attack\n    response = self.post(\"/users/register\", json=user_data)\n  File \"C:\\Users\\15071\\AppData\\Local\\Programs\\Python\\Python313\\Lib\\site-packages\\allure_commons\\_allure.py\", line 192, in impl\n    return func(*a, **kw)\n  File \"D:\\code\\test\\api_test_framework\\core\\base_test.py\", line 51, in post\n    self.validator.validate_status_code(response, expected_status)\n    ~~~~~~~~~~~~~~~~~~~~~~~~~~~~~~~~~~~^^^^^^^^^^^^^^^^^^^^^^^^^^^\n  File \"D:\\code\\test\\api_test_framework\\core\\validator.py\", line 16, in validate_status_code\n    actual_status == expected_status\n"}, "steps": [{"name": "发送POST请求", "status": "failed", "statusDetails": {"message": "AssertionError: 状态码不匹配: 期望 201, 实际 401\n", "trace": "  File \"C:\\Users\\15071\\AppData\\Local\\Programs\\Python\\Python313\\Lib\\site-packages\\allure_commons\\_allure.py\", line 192, in impl\n    return func(*a, **kw)\n  File \"D:\\code\\test\\api_test_framework\\core\\base_test.py\", line 51, in post\n    self.validator.validate_status_code(response, expected_status)\n    ~~~~~~~~~~~~~~~~~~~~~~~~~~~~~~~~~~~^^^^^^^^^^^^^^^^^^^^^^^^^^^\n  File \"D:\\code\\test\\api_test_framework\\core\\validator.py\", line 16, in validate_status_code\n    actual_status == expected_status\n"}, "parameters": [{"name": "endpoint", "value": "'/users/register'"}, {"name": "expected_status", "value": "201"}, {"name": "json", "value": "{'username': 'testuser_2004306492084938974', 'email': 'test_2004306492084938974@example.com', 'password': 'password123', 'name': \"<script>alert('XSS')</script>\"}"}], "start": 1766994824359, "stop": 1766994824650}], "start": 1766994824358, "stop": 1766994824650}], "attachments": [{"name": "失败信息", "source": "5f05394b-6882-4c46-9585-f4d9129c2b5e-attachment.txt", "type": "text/plain"}, {"name": "log", "source": "10180be4-02cf-4bfa-a230-400b64d90d29-attachment.txt", "type": "text/plain"}, {"name": "stdout", "source": "c097b172-9f4f-4d83-85af-216f1254fdac-attachment.txt", "type": "text/plain"}], "start": 1766994824358, "stop": 1766994824651, "uuid": "d9cc221c-4838-4d7d-9af8-5c79c7c353eb", "historyId": "815767372e70808d07c31da63cf5f10d", "testCaseId": "815767372e70808d07c31da63cf5f10d", "fullName": "tests.api.test_security.TestXSS#test_xss_attack", "labels": [{"name": "severity", "value": "critical"}, {"name": "feature", "value": "安全测试"}, {"name": "story", "value": "XSS攻击检测"}, {"name": "tag", "value": "api"}, {"name": "tag", "value": "security"}, {"name": "parentSuite", "value": "tests.api"}, {"name": "suite", "value": "test_security"}, {"name": "subSuite", "value": "TestXSS"}, {"name": "host", "value": "lianxiang"}, {"name": "thread", "value": "16900-MainThread"}, {"name": "framework", "value": "pytest"}, {"name": "language", "value": "cpython3"}, {"name": "package", "value": "tests.api.test_security"}]}