{"name": "检测路径遍历攻击", "status": "failed", "statusDetails": {"message": "AssertionError: 路径遍历防护失败，状态码: 200\nassert 200 in [400, 403, 404]\n +  where 200 = <Response [200]>.status_code", "trace": "tests\\api\\test_security.py:162: in test_path_traversal\n    assert response.status_code in [\nE   AssertionError: 路径遍历防护失败，状态码: 200\nE   assert 200 in [400, 403, 404]\nE    +  where 200 = <Response [200]>.status_code"}, "steps": [{"name": "测试路径遍历载荷: ../../../etc/passwd", "status": "failed", "statusDetails": {"message": "AssertionError: 路径遍历防护失败，状态码: 200\nassert 200 in [400, 403, 404]\n +  where 200 = <Response [200]>.status_code\n", "trace": "  File \"D:\\code\\test\\api_test_framework\\tests\\api\\test_security.py\", line 162, in test_path_traversal\n    assert response.status_code in [\n    ...<3 lines>...\n    ], f\"路径遍历防护失败，状态码: {response.status_code}\"\n"}, "steps": [{"name": "发送GET请求", "status": "passed", "parameters": [{"name": "endpoint", "value": "'/files/../../../etc/passwd'"}, {"name": "expected_status", "value": "200"}], "start": 1766983450287, "stop": 1766983450520}], "attachments": [{"name": "路径遍历检测结果", "source": "59118799-a1dd-4596-bef7-9d596c51b45a-attachment.attach"}], "start": 1766983450287, "stop": 1766983450521}], "attachments": [{"name": "失败信息", "source": "826b7826-c08a-4608-8721-f70e150f6fd3-attachment.txt", "type": "text/plain"}, {"name": "log", "source": "ccffa86e-8ecb-44f7-8b08-2d6467b54d89-attachment.txt", "type": "text/plain"}, {"name": "stdout", "source": "02b0db85-ecbf-4a3d-9e79-b7cf38bcf589-attachment.txt", "type": "text/plain"}], "start": 1766983450287, "stop": 1766983450522, "uuid": "0a995a9f-e222-45ca-b816-43120269583f", "historyId": "51f7e849eb5a284057bf36aafbebc54b", "testCaseId": "51f7e849eb5a284057bf36aafbebc54b", "fullName": "tests.api.test_security.TestPathTraversal#test_path_traversal", "labels": [{"name": "story", "value": "路径遍历检测"}, {"name": "severity", "value": "critical"}, {"name": "feature", "value": "安全测试"}, {"name": "tag", "value": "api"}, {"name": "tag", "value": "security"}, {"name": "parentSuite", "value": "tests.api"}, {"name": "suite", "value": "test_security"}, {"name": "subSuite", "value": "TestPathTraversal"}, {"name": "host", "value": "lianxiang"}, {"name": "thread", "value": "10376-MainThread"}, {"name": "framework", "value": "pytest"}, {"name": "language", "value": "cpython3"}, {"name": "package", "value": "tests.api.test_security"}]}