{"name": "test_standalone_transfer_missing_params", "status": "failed", "statusDetails": {"message": "AssertionError: 状态码应该为200，实际为404", "trace": "tests\\api\\test_standalone_transfer.py:123: in test_standalone_transfer_missing_params\n    self.transfer_api._validate_status_code(response, 200)\ncore\\api\\base_api.py:50: in _validate_status_code\n    assert response.status_code == expected, f\"状态码应该为{expected}，实际为{response.status_code}\"\nE   AssertionError: 状态码应该为200，实际为404"}, "steps": [{"name": "登录获取token", "status": "passed", "start": 1767839334814, "stop": 1767839335183}, {"name": "不传参数访问独立转账接口", "status": "passed", "attachments": [{"name": "响应状态", "source": "8d78a405-3fb4-4f1d-8c4b-3db8be4600b9-attachment.txt", "type": "text/plain"}, {"name": "响应内容", "source": "2d07728d-063a-4995-b992-0164bb55026f-attachment.txt", "type": "text/plain"}], "start": 1767839335184, "stop": 1767839335206}, {"name": "验证返回错误", "status": "failed", "statusDetails": {"message": "AssertionError: 状态码应该为200，实际为404\n", "trace": "  File \"D:\\code\\test\\api_test_framework\\tests\\api\\test_standalone_transfer.py\", line 123, in test_standalone_transfer_missing_params\n    self.transfer_api._validate_status_code(response, 200)\n    ~~~~~~~~~~~~~~~~~~~~~~~~~~~~~~~~~~~~~~~^^^^^^^^^^^^^^^\n  File \"D:\\code\\test\\api_test_framework\\core\\api\\base_api.py\", line 50, in _validate_status_code\n    assert response.status_code == expected, f\"状态码应该为{expected}，实际为{response.status_code}\"\n           ^^^^^^^^^^^^^^^^^^^^^^^^^^^^^^^^\n"}, "start": 1767839335206, "stop": 1767839335206}], "attachments": [{"name": "失败信息", "source": "fec84e16-47a5-4189-9fa9-6ce41aeb158c-attachment.txt", "type": "text/plain"}, {"name": "stderr", "source": "ed37ab9f-4a42-4ef5-863c-9822ecfed892-attachment.txt", "type": "text/plain"}], "start": 1767839334814, "stop": 1767839335207, "uuid": "0b7cad29-4a48-4653-bab8-4458a4bf9c56", "historyId": "498a84f641b65547ce9fc87d4b663af7", "testCaseId": "498a84f641b65547ce9fc87d4b663af7", "fullName": "tests.api.test_standalone_transfer.TestStandaloneTransferAPI#test_standalone_transfer_missing_params", "labels": [{"name": "tag", "value": "wo"}, {"name": "tag", "value": "api"}, {"name": "tag", "value": "smoke"}, {"name": "parentSuite", "value": "tests.api"}, {"name": "suite", "value": "test_standalone_transfer"}, {"name": "subSuite", "value": "TestStandaloneTransferAPI"}, {"name": "host", "value": "lianxiang"}, {"name": "thread", "value": "75200-MainThread"}, {"name": "framework", "value": "pytest"}, {"name": "language", "value": "cpython3"}, {"name": "package", "value": "tests.api.test_standalone_transfer"}]}