{"name": "检测XSS攻击", "status": "failed", "statusDetails": {"message": "AssertionError: 状态码不匹配: 期望 201, 实际 401", "trace": "tests\\api\\test_security.py:109: in test_xss_attack\n    response = self.post(\"/api/users/register\", json=user_data)\ncore\\base_test.py:51: in post\n    self.validator.validate_status_code(response, expected_status)\ncore\\validator.py:16: in validate_status_code\n    actual_status == expected_status\nE   AssertionError: 状态码不匹配: 期望 201, 实际 401"}, "steps": [{"name": "测试XSS载荷: <script>alert('XSS')</script>...", "status": "failed", "statusDetails": {"message": "AssertionError: 状态码不匹配: 期望 201, 实际 401\n", "trace": "  File \"D:\\code\\test\\api_test_framework\\tests\\api\\test_security.py\", line 109, in test_xss_attack\n    response = self.post(\"/api/users/register\", json=user_data)\n  File \"C:\\Users\\15071\\AppData\\Local\\Programs\\Python\\Python313\\Lib\\site-packages\\allure_commons\\_allure.py\", line 192, in impl\n    return func(*a, **kw)\n  File \"d:\\code\\test\\api_test_framework\\core\\base_test.py\", line 51, in post\n    self.validator.validate_status_code(response, expected_status)\n    ~~~~~~~~~~~~~~~~~~~~~~~~~~~~~~~~~~~^^^^^^^^^^^^^^^^^^^^^^^^^^^\n  File \"d:\\code\\test\\api_test_framework\\core\\validator.py\", line 16, in validate_status_code\n    actual_status == expected_status\n"}, "steps": [{"name": "发送POST请求", "status": "failed", "statusDetails": {"message": "AssertionError: 状态码不匹配: 期望 201, 实际 401\n", "trace": "  File \"C:\\Users\\15071\\AppData\\Local\\Programs\\Python\\Python313\\Lib\\site-packages\\allure_commons\\_allure.py\", line 192, in impl\n    return func(*a, **kw)\n  File \"d:\\code\\test\\api_test_framework\\core\\base_test.py\", line 51, in post\n    self.validator.validate_status_code(response, expected_status)\n    ~~~~~~~~~~~~~~~~~~~~~~~~~~~~~~~~~~~^^^^^^^^^^^^^^^^^^^^^^^^^^^\n  File \"d:\\code\\test\\api_test_framework\\core\\validator.py\", line 16, in validate_status_code\n    actual_status == expected_status\n"}, "parameters": [{"name": "endpoint", "value": "'/api/users/register'"}, {"name": "expected_status", "value": "201"}, {"name": "json", "value": "{'username': 'testuser_6714828918394882844', 'email': 'test_6714828918394882844@example.com', 'password': 'password123', 'name': \"<script>alert('XSS')</script>\"}"}], "start": 1766825297212, "stop": 1766825297589}], "start": 1766825297212, "stop": 1766825297589}], "attachments": [{"name": "失败信息", "source": "8bc6682b-b375-490b-8c2d-ec7bbc043674-attachment.txt", "type": "text/plain"}, {"name": "log", "source": "d2b3e7c9-932c-4a27-8581-af31aebbd0fb-attachment.txt", "type": "text/plain"}, {"name": "stdout", "source": "0ed67919-a814-4473-bcf8-ded95dbdd80e-attachment.txt", "type": "text/plain"}], "start": 1766825297212, "stop": 1766825297590, "uuid": "e769e63c-e9bc-46de-b9d8-293000329644", "historyId": "815767372e70808d07c31da63cf5f10d", "testCaseId": "815767372e70808d07c31da63cf5f10d", "fullName": "tests.api.test_security.TestXSS#test_xss_attack", "labels": [{"name": "severity", "value": "critical"}, {"name": "feature", "value": "安全测试"}, {"name": "story", "value": "XSS攻击检测"}, {"name": "tag", "value": "api"}, {"name": "tag", "value": "security"}, {"name": "parentSuite", "value": "tests.api"}, {"name": "suite", "value": "test_security"}, {"name": "subSuite", "value": "TestXSS"}, {"name": "host", "value": "lianxiang"}, {"name": "thread", "value": "17640-MainThread"}, {"name": "framework", "value": "pytest"}, {"name": "language", "value": "cpython3"}, {"name": "package", "value": "tests.api.test_security"}]}