{"name": "检测搜索接口SQL注入", "status": "failed", "statusDetails": {"message": "AssertionError: 状态码不匹配: 期望 200, 实际 401", "trace": "tests\\api\\test_security.py:62: in test_sql_injection_search\n    response = self.get(f\"/products?name={payload}\")\ncore\\base_test.py:43: in get\n    self.validator.validate_status_code(response, expected_status)\ncore\\validator.py:16: in validate_status_code\n    actual_status == expected_status\nE   AssertionError: 状态码不匹配: 期望 200, 实际 401"}, "steps": [{"name": "测试SQL注入载荷: 1' OR '1'='1", "status": "failed", "statusDetails": {"message": "AssertionError: 状态码不匹配: 期望 200, 实际 401\n", "trace": "  File \"D:\\code\\test\\api_test_framework\\tests\\api\\test_security.py\", line 62, in test_sql_injection_search\n    response = self.get(f\"/products?name={payload}\")\n  File \"C:\\Users\\15071\\AppData\\Local\\Programs\\Python\\Python313\\Lib\\site-packages\\allure_commons\\_allure.py\", line 192, in impl\n    return func(*a, **kw)\n  File \"D:\\code\\test\\api_test_framework\\core\\base_test.py\", line 43, in get\n    self.validator.validate_status_code(response, expected_status)\n    ~~~~~~~~~~~~~~~~~~~~~~~~~~~~~~~~~~~^^^^^^^^^^^^^^^^^^^^^^^^^^^\n  File \"D:\\code\\test\\api_test_framework\\core\\validator.py\", line 16, in validate_status_code\n    actual_status == expected_status\n"}, "steps": [{"name": "发送GET请求", "status": "failed", "statusDetails": {"message": "AssertionError: 状态码不匹配: 期望 200, 实际 401\n", "trace": "  File \"C:\\Users\\15071\\AppData\\Local\\Programs\\Python\\Python313\\Lib\\site-packages\\allure_commons\\_allure.py\", line 192, in impl\n    return func(*a, **kw)\n  File \"D:\\code\\test\\api_test_framework\\core\\base_test.py\", line 43, in get\n    self.validator.validate_status_code(response, expected_status)\n    ~~~~~~~~~~~~~~~~~~~~~~~~~~~~~~~~~~~^^^^^^^^^^^^^^^^^^^^^^^^^^^\n  File \"D:\\code\\test\\api_test_framework\\core\\validator.py\", line 16, in validate_status_code\n    actual_status == expected_status\n"}, "parameters": [{"name": "endpoint", "value": "'/products?name=1' OR '1'='1'"}, {"name": "expected_status", "value": "200"}], "start": 1766983613652, "stop": 1766983613910}], "start": 1766983613652, "stop": 1766983613911}], "attachments": [{"name": "失败信息", "source": "aec363d2-2a0c-4e0c-8cd6-10c4fdd88a69-attachment.txt", "type": "text/plain"}, {"name": "log", "source": "20640dd0-d550-4747-851b-5fb1e4a92053-attachment.txt", "type": "text/plain"}, {"name": "stdout", "source": "d276ffd7-88c7-42db-80ff-95e75f34869f-attachment.txt", "type": "text/plain"}], "start": 1766983613652, "stop": 1766983613912, "uuid": "94fdc3f3-010d-4918-8284-0fb63920f155", "historyId": "afdcda82bc3e2be8ac63babc11df85ef", "testCaseId": "afdcda82bc3e2be8ac63babc11df85ef", "fullName": "tests.api.test_security.TestSQLInjection#test_sql_injection_search", "labels": [{"name": "severity", "value": "critical"}, {"name": "feature", "value": "安全测试"}, {"name": "story", "value": "SQL注入检测"}, {"name": "tag", "value": "api"}, {"name": "tag", "value": "security"}, {"name": "parentSuite", "value": "tests.api"}, {"name": "suite", "value": "test_security"}, {"name": "subSuite", "value": "TestSQLInjection"}, {"name": "host", "value": "lianxiang"}, {"name": "thread", "value": "20648-MainThread"}, {"name": "framework", "value": "pytest"}, {"name": "language", "value": "cpython3"}, {"name": "package", "value": "tests.api.test_security"}]}