{"name": "检测XSS攻击", "status": "failed", "statusDetails": {"message": "AssertionError: 状态码不匹配: 期望 201, 实际 401", "trace": "tests\\api\\test_security.py:109: in test_xss_attack\n    response = self.post(\"/users/register\", json=user_data)\ncore\\base_test.py:51: in post\n    self.validator.validate_status_code(response, expected_status)\ncore\\validator.py:16: in validate_status_code\n    actual_status == expected_status\nE   AssertionError: 状态码不匹配: 期望 201, 实际 401"}, "steps": [{"name": "测试XSS载荷: <script>alert('XSS')</script>...", "status": "failed", "statusDetails": {"message": "AssertionError: 状态码不匹配: 期望 201, 实际 401\n", "trace": "  File \"D:\\code\\test\\api_test_framework\\tests\\api\\test_security.py\", line 109, in test_xss_attack\n    response = self.post(\"/users/register\", json=user_data)\n  File \"C:\\Users\\15071\\AppData\\Local\\Programs\\Python\\Python313\\Lib\\site-packages\\allure_commons\\_allure.py\", line 192, in impl\n    return func(*a, **kw)\n  File \"D:\\code\\test\\api_test_framework\\core\\base_test.py\", line 51, in post\n    self.validator.validate_status_code(response, expected_status)\n    ~~~~~~~~~~~~~~~~~~~~~~~~~~~~~~~~~~~^^^^^^^^^^^^^^^^^^^^^^^^^^^\n  File \"D:\\code\\test\\api_test_framework\\core\\validator.py\", line 16, in validate_status_code\n    actual_status == expected_status\n"}, "steps": [{"name": "发送POST请求", "status": "failed", "statusDetails": {"message": "AssertionError: 状态码不匹配: 期望 201, 实际 401\n", "trace": "  File \"C:\\Users\\15071\\AppData\\Local\\Programs\\Python\\Python313\\Lib\\site-packages\\allure_commons\\_allure.py\", line 192, in impl\n    return func(*a, **kw)\n  File \"D:\\code\\test\\api_test_framework\\core\\base_test.py\", line 51, in post\n    self.validator.validate_status_code(response, expected_status)\n    ~~~~~~~~~~~~~~~~~~~~~~~~~~~~~~~~~~~^^^^^^^^^^^^^^^^^^^^^^^^^^^\n  File \"D:\\code\\test\\api_test_framework\\core\\validator.py\", line 16, in validate_status_code\n    actual_status == expected_status\n"}, "parameters": [{"name": "endpoint", "value": "'/users/register'"}, {"name": "expected_status", "value": "201"}, {"name": "json", "value": "{'username': 'testuser_-2995344813898017710', 'email': 'test_-2995344813898017710@example.com', 'password': 'password123', 'name': \"<script>alert('XSS')</script>\"}"}], "start": 1766983428665, "stop": 1766983428918}], "start": 1766983428665, "stop": 1766983428919}], "attachments": [{"name": "失败信息", "source": "dcefba8f-482a-436b-bb62-b9d8fa2ef2f1-attachment.txt", "type": "text/plain"}, {"name": "log", "source": "6dcfe9c0-ffc9-47b4-b853-483620acd6df-attachment.txt", "type": "text/plain"}, {"name": "stdout", "source": "cfb4c88e-da56-4fee-962d-022ab6053638-attachment.txt", "type": "text/plain"}], "start": 1766983428665, "stop": 1766983428920, "uuid": "30d8629e-2629-46e3-be88-aa16b8858ba1", "historyId": "815767372e70808d07c31da63cf5f10d", "testCaseId": "815767372e70808d07c31da63cf5f10d", "fullName": "tests.api.test_security.TestXSS#test_xss_attack", "labels": [{"name": "severity", "value": "critical"}, {"name": "feature", "value": "安全测试"}, {"name": "story", "value": "XSS攻击检测"}, {"name": "tag", "value": "api"}, {"name": "tag", "value": "security"}, {"name": "parentSuite", "value": "tests.api"}, {"name": "suite", "value": "test_security"}, {"name": "subSuite", "value": "TestXSS"}, {"name": "host", "value": "lianxiang"}, {"name": "thread", "value": "14876-MainThread"}, {"name": "framework", "value": "pytest"}, {"name": "language", "value": "cpython3"}, {"name": "package", "value": "tests.api.test_security"}]}