{"name": "检测搜索接口SQL注入", "status": "failed", "statusDetails": {"message": "AssertionError: 状态码不匹配: 期望 200, 实际 401", "trace": "tests\\api\\test_security.py:62: in test_sql_injection_search\n    response = self.get(f\"/products?name={payload}\")\ncore\\base_test.py:43: in get\n    self.validator.validate_status_code(response, expected_status)\ncore\\validator.py:16: in validate_status_code\n    actual_status == expected_status\nE   AssertionError: 状态码不匹配: 期望 200, 实际 401"}, "steps": [{"name": "测试SQL注入载荷: 1' OR '1'='1", "status": "failed", "statusDetails": {"message": "AssertionError: 状态码不匹配: 期望 200, 实际 401\n", "trace": "  File \"D:\\code\\test\\api_test_framework\\tests\\api\\test_security.py\", line 62, in test_sql_injection_search\n    response = self.get(f\"/products?name={payload}\")\n  File \"C:\\Users\\15071\\AppData\\Local\\Programs\\Python\\Python313\\Lib\\site-packages\\allure_commons\\_allure.py\", line 192, in impl\n    return func(*a, **kw)\n  File \"D:\\code\\test\\api_test_framework\\core\\base_test.py\", line 43, in get\n    self.validator.validate_status_code(response, expected_status)\n    ~~~~~~~~~~~~~~~~~~~~~~~~~~~~~~~~~~~^^^^^^^^^^^^^^^^^^^^^^^^^^^\n  File \"D:\\code\\test\\api_test_framework\\core\\validator.py\", line 16, in validate_status_code\n    actual_status == expected_status\n"}, "steps": [{"name": "发送GET请求", "status": "failed", "statusDetails": {"message": "AssertionError: 状态码不匹配: 期望 200, 实际 401\n", "trace": "  File \"C:\\Users\\15071\\AppData\\Local\\Programs\\Python\\Python313\\Lib\\site-packages\\allure_commons\\_allure.py\", line 192, in impl\n    return func(*a, **kw)\n  File \"D:\\code\\test\\api_test_framework\\core\\base_test.py\", line 43, in get\n    self.validator.validate_status_code(response, expected_status)\n    ~~~~~~~~~~~~~~~~~~~~~~~~~~~~~~~~~~~^^^^^^^^^^^^^^^^^^^^^^^^^^^\n  File \"D:\\code\\test\\api_test_framework\\core\\validator.py\", line 16, in validate_status_code\n    actual_status == expected_status\n"}, "parameters": [{"name": "endpoint", "value": "'/products?name=1' OR '1'='1'"}, {"name": "expected_status", "value": "200"}], "start": 1766983449754, "stop": 1766983450006}], "start": 1766983449754, "stop": 1766983450006}], "attachments": [{"name": "失败信息", "source": "be87dbde-d8fa-47e3-ae4b-2767a64392f5-attachment.txt", "type": "text/plain"}, {"name": "log", "source": "083c4272-c6ad-47a1-bbf0-b2002088c92a-attachment.txt", "type": "text/plain"}, {"name": "stdout", "source": "93d8df71-03ce-4875-a92f-d3314eb05ad1-attachment.txt", "type": "text/plain"}], "start": 1766983449754, "stop": 1766983450007, "uuid": "734178d1-a4b6-40a3-85d8-377194e2d7ec", "historyId": "afdcda82bc3e2be8ac63babc11df85ef", "testCaseId": "afdcda82bc3e2be8ac63babc11df85ef", "fullName": "tests.api.test_security.TestSQLInjection#test_sql_injection_search", "labels": [{"name": "severity", "value": "critical"}, {"name": "feature", "value": "安全测试"}, {"name": "story", "value": "SQL注入检测"}, {"name": "tag", "value": "api"}, {"name": "tag", "value": "security"}, {"name": "parentSuite", "value": "tests.api"}, {"name": "suite", "value": "test_security"}, {"name": "subSuite", "value": "TestSQLInjection"}, {"name": "host", "value": "lianxiang"}, {"name": "thread", "value": "10376-MainThread"}, {"name": "framework", "value": "pytest"}, {"name": "language", "value": "cpython3"}, {"name": "package", "value": "tests.api.test_security"}]}