{"name": "空description", "status": "failed", "statusDetails": {"message": "AssertionError: 响应消息应该包含'描述不能为空'，实际为'表单数据验证失败: 字段 \"商品主图\" 为必填项'\nassert '描述不能为空' in '表单数据验证失败: 字段 \"商品主图\" 为必填项'", "trace": "tests\\api\\test_wo_api.py:174: in test_wo_api\n    self._run_validations(response, test_case[\"request\"], test_case[\"validations\"])\ntests\\api\\test_wo_api.py:124: in _run_validations\n    self._validate_message_contains(response, validation[\"expected\"])\ntests\\api\\test_wo_api.py:51: in _validate_message_contains\n    assert expected in response_data[\"message\"], f\"响应消息应该包含'{expected}'，实际为'{response_data['message']}'\"\nE   AssertionError: 响应消息应该包含'描述不能为空'，实际为'表单数据验证失败: 字段 \"商品主图\" 为必填项'\nE   assert '描述不能为空' in '表单数据验证失败: 字段 \"商品主图\" 为必填项'"}, "steps": [{"name": "测试用例: 空description", "status": "failed", "statusDetails": {"message": "AssertionError: 响应消息应该包含'描述不能为空'，实际为'表单数据验证失败: 字段 \"商品主图\" 为必填项'\nassert '描述不能为空' in '表单数据验证失败: 字段 \"商品主图\" 为必填项'\n", "trace": "  File \"D:\\code\\test\\api_test_framework\\tests\\api\\test_wo_api.py\", line 174, in test_wo_api\n    self._run_validations(response, test_case[\"request\"], test_case[\"validations\"])\n    ~~~~~~~~~~~~~~~~~~~~~^^^^^^^^^^^^^^^^^^^^^^^^^^^^^^^^^^^^^^^^^^^^^^^^^^^^^^^^^^\n  File \"D:\\code\\test\\api_test_framework\\tests\\api\\test_wo_api.py\", line 124, in _run_validations\n    self._validate_message_contains(response, validation[\"expected\"])\n    ~~~~~~~~~~~~~~~~~~~~~~~~~~~~~~~^^^^^^^^^^^^^^^^^^^^^^^^^^^^^^^^^^\n  File \"D:\\code\\test\\api_test_framework\\tests\\api\\test_wo_api.py\", line 51, in _validate_message_contains\n    assert expected in response_data[\"message\"], f\"响应消息应该包含'{expected}'，实际为'{response_data['message']}'\"\n"}, "steps": [{"name": "发送请求", "status": "passed", "attachments": [{"name": "响应内容", "source": "c5aa2a06-e02a-46a1-98d5-3036dc8fb734-attachment.txt", "type": "text/plain"}, {"name": "请求数据", "source": "044a5e9d-0480-46e0-8e81-33fb023b3d15-attachment.json", "type": "application/json"}], "start": 1767014182999, "stop": 1767014183282}, {"name": "验证响应", "status": "failed", "statusDetails": {"message": "AssertionError: 响应消息应该包含'描述不能为空'，实际为'表单数据验证失败: 字段 \"商品主图\" 为必填项'\nassert '描述不能为空' in '表单数据验证失败: 字段 \"商品主图\" 为必填项'\n", "trace": "  File \"D:\\code\\test\\api_test_framework\\tests\\api\\test_wo_api.py\", line 174, in test_wo_api\n    self._run_validations(response, test_case[\"request\"], test_case[\"validations\"])\n    ~~~~~~~~~~~~~~~~~~~~~^^^^^^^^^^^^^^^^^^^^^^^^^^^^^^^^^^^^^^^^^^^^^^^^^^^^^^^^^^\n  File \"D:\\code\\test\\api_test_framework\\tests\\api\\test_wo_api.py\", line 124, in _run_validations\n    self._validate_message_contains(response, validation[\"expected\"])\n    ~~~~~~~~~~~~~~~~~~~~~~~~~~~~~~~^^^^^^^^^^^^^^^^^^^^^^^^^^^^^^^^^^\n  File \"D:\\code\\test\\api_test_framework\\tests\\api\\test_wo_api.py\", line 51, in _validate_message_contains\n    assert expected in response_data[\"message\"], f\"响应消息应该包含'{expected}'，实际为'{response_data['message']}'\"\n"}, "start": 1767014183283, "stop": 1767014183283}], "start": 1767014182999, "stop": 1767014183283}], "attachments": [{"name": "失败信息", "source": "c3a977b5-2fd0-44b9-b639-d0da65ae41f0-attachment.txt", "type": "text/plain"}], "parameters": [{"name": "test_case_index", "value": "8"}], "start": 1767014182998, "stop": 1767014183284, "uuid": "eaac32b8-19cc-48e3-8e48-1c4d9ef02575", "historyId": "243ad06cf48a0c00869869b2b00179e5", "testCaseId": "5669fa0d7c46f548df7397704e776171", "fullName": "tests.api.test_wo_api.TestWoAPI#test_wo_api", "labels": [{"name": "feature", "value": "工单管理"}, {"name": "story", "value": "创建工单接口"}, {"name": "severity", "value": "critical"}, {"name": "tag", "value": "smoke"}, {"name": "tag", "value": "api"}, {"name": "tag", "value": "wo"}, {"name": "tag", "value": "wo"}, {"name": "tag", "value": "api"}, {"name": "tag", "value": "smoke"}, {"name": "parentSuite", "value": "tests.api"}, {"name": "suite", "value": "test_wo_api"}, {"name": "subSuite", "value": "TestWoAPI"}, {"name": "host", "value": "lianxiang"}, {"name": "thread", "value": "18988-MainThread"}, {"name": "framework", "value": "pytest"}, {"name": "language", "value": "cpython3"}, {"name": "package", "value": "tests.api.test_wo_api"}]}