{"name": "缺少必填字段", "status": "failed", "statusDetails": {"message": "AssertionError: 状态码不匹配: 期望 400, 实际 401", "trace": "tests\\api\\test_user_api.py:81: in test_missing_required_field\n    response = self.post(\"/users/register\", json=user_data, expected_status=400)\ncore\\base_test.py:51: in post\n    self.validator.validate_status_code(response, expected_status)\ncore\\validator.py:16: in validate_status_code\n    actual_status == expected_status\nE   AssertionError: 状态码不匹配: 期望 400, 实际 401"}, "steps": [{"name": "发送POST请求", "status": "failed", "statusDetails": {"message": "AssertionError: 状态码不匹配: 期望 400, 实际 401\n", "trace": "  File \"C:\\Users\\15071\\AppData\\Local\\Programs\\Python\\Python313\\Lib\\site-packages\\allure_commons\\_allure.py\", line 192, in impl\n    return func(*a, **kw)\n  File \"D:\\code\\test\\api_test_framework\\core\\base_test.py\", line 51, in post\n    self.validator.validate_status_code(response, expected_status)\n    ~~~~~~~~~~~~~~~~~~~~~~~~~~~~~~~~~~~^^^^^^^^^^^^^^^^^^^^^^^^^^^\n  File \"D:\\code\\test\\api_test_framework\\core\\validator.py\", line 16, in validate_status_code\n    actual_status == expected_status\n"}, "parameters": [{"name": "endpoint", "value": "'/users/register'"}, {"name": "expected_status", "value": "400"}, {"name": "json", "value": "{'email': 'lei27@example.com', 'phone': '18002897583', 'name': '王玲', 'age': 54, 'address': '青海省潮州市兴山刘街t座 663161', 'avatar': 'https://placekitten.com/780/982'}"}], "start": 1766996110270, "stop": 1766996110545}], "attachments": [{"name": "失败信息", "source": "c9cc4427-cb4d-49b0-a1fa-213c117813bf-attachment.txt", "type": "text/plain"}, {"name": "log", "source": "e61c8cd1-30f8-4140-bbfc-24c816dcb3da-attachment.txt", "type": "text/plain"}, {"name": "stdout", "source": "8a34b8a4-7d83-4de4-ae09-4ff43260eb35-attachment.txt", "type": "text/plain"}], "parameters": [{"name": "missing_field", "value": "'username'"}], "start": 1766996110269, "stop": 1766996110546, "uuid": "fb496d7d-e131-4865-888b-cbc799385742", "historyId": "6d4641db7992b2e7e41a892c242f1574", "testCaseId": "a7930302f75d437c6f45ada338e0aa10", "fullName": "tests.api.test_user_api.TestUserRegistration#test_missing_required_field", "labels": [{"name": "severity", "value": "normal"}, {"name": "feature", "value": "用户管理"}, {"name": "story", "value": "用户注册"}, {"name": "tag", "value": "api"}, {"name": "tag", "value": "regression"}, {"name": "parentSuite", "value": "tests.api"}, {"name": "suite", "value": "test_user_api"}, {"name": "subSuite", "value": "TestUserRegistration"}, {"name": "host", "value": "lianxiang"}, {"name": "thread", "value": "4008-MainThread"}, {"name": "framework", "value": "pytest"}, {"name": "language", "value": "cpython3"}, {"name": "package", "value": "tests.api.test_user_api"}]}