{"name": "缺少必填字段", "status": "failed", "statusDetails": {"message": "AssertionError: 状态码不匹配: 期望 400, 实际 401", "trace": "tests\\api\\test_user_api.py:81: in test_missing_required_field\n    response = self.post(\"/users/register\", json=user_data, expected_status=400)\ncore\\base_test.py:51: in post\n    self.validator.validate_status_code(response, expected_status)\ncore\\validator.py:16: in validate_status_code\n    actual_status == expected_status\nE   AssertionError: 状态码不匹配: 期望 400, 实际 401"}, "steps": [{"name": "发送POST请求", "status": "failed", "statusDetails": {"message": "AssertionError: 状态码不匹配: 期望 400, 实际 401\n", "trace": "  File \"C:\\Users\\15071\\AppData\\Local\\Programs\\Python\\Python313\\Lib\\site-packages\\allure_commons\\_allure.py\", line 192, in impl\n    return func(*a, **kw)\n  File \"D:\\code\\test\\api_test_framework\\core\\base_test.py\", line 51, in post\n    self.validator.validate_status_code(response, expected_status)\n    ~~~~~~~~~~~~~~~~~~~~~~~~~~~~~~~~~~~^^^^^^^^^^^^^^^^^^^^^^^^^^^\n  File \"D:\\code\\test\\api_test_framework\\core\\validator.py\", line 16, in validate_status_code\n    actual_status == expected_status\n"}, "parameters": [{"name": "endpoint", "value": "'/users/register'"}, {"name": "expected_status", "value": "400"}, {"name": "json", "value": "{'username': 'rwan', 'phone': '18878512653', 'name': '陈慧', 'age': 43, 'address': '辽宁省丹县牧野六盘水路A座 600897', 'avatar': 'https://picsum.photos/530/741'}"}], "start": 1766983431293, "stop": 1766983431548}], "attachments": [{"name": "失败信息", "source": "6ca259a1-0d50-4b9e-9e53-f7b56c8030f1-attachment.txt", "type": "text/plain"}, {"name": "log", "source": "b60299f7-9f2f-424e-8402-84aab2e37617-attachment.txt", "type": "text/plain"}, {"name": "stdout", "source": "13da24eb-dd19-478f-bc80-788e8310dc2b-attachment.txt", "type": "text/plain"}], "parameters": [{"name": "missing_field", "value": "'email'"}], "start": 1766983431292, "stop": 1766983431549, "uuid": "cd90bd30-f254-4fe0-a935-16e8f5094000", "historyId": "e97b12c27ce064f8aebd0a25c189cc19", "testCaseId": "a7930302f75d437c6f45ada338e0aa10", "fullName": "tests.api.test_user_api.TestUserRegistration#test_missing_required_field", "labels": [{"name": "feature", "value": "用户管理"}, {"name": "story", "value": "用户注册"}, {"name": "severity", "value": "normal"}, {"name": "tag", "value": "api"}, {"name": "tag", "value": "regression"}, {"name": "parentSuite", "value": "tests.api"}, {"name": "suite", "value": "test_user_api"}, {"name": "subSuite", "value": "TestUserRegistration"}, {"name": "host", "value": "lianxiang"}, {"name": "thread", "value": "14876-MainThread"}, {"name": "framework", "value": "pytest"}, {"name": "language", "value": "cpython3"}, {"name": "package", "value": "tests.api.test_user_api"}]}