{"name": "检测XSS攻击", "status": "failed", "statusDetails": {"message": "AssertionError: 状态码不匹配: 期望 201, 实际 401", "trace": "tests\\api\\test_security.py:109: in test_xss_attack\n    response = self.post(\"/users/register\", json=user_data)\ncore\\base_test.py:51: in post\n    self.validator.validate_status_code(response, expected_status)\ncore\\validator.py:16: in validate_status_code\n    actual_status == expected_status\nE   AssertionError: 状态码不匹配: 期望 201, 实际 401"}, "steps": [{"name": "测试XSS载荷: <script>alert('XSS')</script>...", "status": "failed", "statusDetails": {"message": "AssertionError: 状态码不匹配: 期望 201, 实际 401\n", "trace": "  File \"D:\\code\\test\\api_test_framework\\tests\\api\\test_security.py\", line 109, in test_xss_attack\n    response = self.post(\"/users/register\", json=user_data)\n  File \"C:\\Users\\15071\\AppData\\Local\\Programs\\Python\\Python313\\Lib\\site-packages\\allure_commons\\_allure.py\", line 192, in impl\n    return func(*a, **kw)\n  File \"D:\\code\\test\\api_test_framework\\core\\base_test.py\", line 51, in post\n    self.validator.validate_status_code(response, expected_status)\n    ~~~~~~~~~~~~~~~~~~~~~~~~~~~~~~~~~~~^^^^^^^^^^^^^^^^^^^^^^^^^^^\n  File \"D:\\code\\test\\api_test_framework\\core\\validator.py\", line 16, in validate_status_code\n    actual_status == expected_status\n"}, "steps": [{"name": "发送POST请求", "status": "failed", "statusDetails": {"message": "AssertionError: 状态码不匹配: 期望 201, 实际 401\n", "trace": "  File \"C:\\Users\\15071\\AppData\\Local\\Programs\\Python\\Python313\\Lib\\site-packages\\allure_commons\\_allure.py\", line 192, in impl\n    return func(*a, **kw)\n  File \"D:\\code\\test\\api_test_framework\\core\\base_test.py\", line 51, in post\n    self.validator.validate_status_code(response, expected_status)\n    ~~~~~~~~~~~~~~~~~~~~~~~~~~~~~~~~~~~^^^^^^^^^^^^^^^^^^^^^^^^^^^\n  File \"D:\\code\\test\\api_test_framework\\core\\validator.py\", line 16, in validate_status_code\n    actual_status == expected_status\n"}, "parameters": [{"name": "endpoint", "value": "'/users/register'"}, {"name": "expected_status", "value": "201"}, {"name": "json", "value": "{'username': 'testuser_-4260023902900243859', 'email': 'test_-4260023902900243859@example.com', 'password': 'password123', 'name': \"<script>alert('XSS')</script>\"}"}], "start": 1766983613927, "stop": 1766983614169}], "start": 1766983613927, "stop": 1766983614169}], "attachments": [{"name": "失败信息", "source": "9be1aee5-23ce-4f33-a33c-5d0520ae92dc-attachment.txt", "type": "text/plain"}, {"name": "log", "source": "dbe28109-1f06-4022-866c-83c767e998c7-attachment.txt", "type": "text/plain"}, {"name": "stdout", "source": "9f14ed5c-707f-422a-8e20-fa7fcf80c235-attachment.txt", "type": "text/plain"}], "start": 1766983613927, "stop": 1766983614170, "uuid": "004e5271-132e-49f4-bf2f-db09ba105341", "historyId": "815767372e70808d07c31da63cf5f10d", "testCaseId": "815767372e70808d07c31da63cf5f10d", "fullName": "tests.api.test_security.TestXSS#test_xss_attack", "labels": [{"name": "story", "value": "XSS攻击检测"}, {"name": "feature", "value": "安全测试"}, {"name": "severity", "value": "critical"}, {"name": "tag", "value": "api"}, {"name": "tag", "value": "security"}, {"name": "parentSuite", "value": "tests.api"}, {"name": "suite", "value": "test_security"}, {"name": "subSuite", "value": "TestXSS"}, {"name": "host", "value": "lianxiang"}, {"name": "thread", "value": "20648-MainThread"}, {"name": "framework", "value": "pytest"}, {"name": "language", "value": "cpython3"}, {"name": "package", "value": "tests.api.test_security"}]}