{"name": "检测路径遍历攻击", "status": "failed", "statusDetails": {"message": "AssertionError: 路径遍历防护失败，状态码: 200\nassert 200 in [400, 403, 404]\n +  where 200 = <Response [200]>.status_code", "trace": "tests\\api\\test_security.py:162: in test_path_traversal\n    assert response.status_code in [\nE   AssertionError: 路径遍历防护失败，状态码: 200\nE   assert 200 in [400, 403, 404]\nE    +  where 200 = <Response [200]>.status_code"}, "steps": [{"name": "测试路径遍历载荷: ../../../etc/passwd", "status": "failed", "statusDetails": {"message": "AssertionError: 路径遍历防护失败，状态码: 200\nassert 200 in [400, 403, 404]\n +  where 200 = <Response [200]>.status_code\n", "trace": "  File \"D:\\code\\test\\api_test_framework\\tests\\api\\test_security.py\", line 162, in test_path_traversal\n    assert response.status_code in [\n    ...<3 lines>...\n    ], f\"路径遍历防护失败，状态码: {response.status_code}\"\n"}, "steps": [{"name": "发送GET请求", "status": "passed", "parameters": [{"name": "endpoint", "value": "'/files/../../../etc/passwd'"}, {"name": "expected_status", "value": "200"}], "start": 1766983533680, "stop": 1766983533915}], "attachments": [{"name": "路径遍历检测结果", "source": "de63c9a0-357d-4586-9f1e-e4ba17345f0c-attachment.attach"}], "start": 1766983533680, "stop": 1766983533916}], "attachments": [{"name": "失败信息", "source": "d43a0bfa-6247-459b-883f-40846867a0ee-attachment.txt", "type": "text/plain"}, {"name": "log", "source": "e69b52c6-daeb-494e-824c-ef37b274d877-attachment.txt", "type": "text/plain"}, {"name": "stdout", "source": "f28c42bb-73ee-4179-87c5-fda5d7be8159-attachment.txt", "type": "text/plain"}], "start": 1766983533679, "stop": 1766983533917, "uuid": "91c9f8bb-dc61-484f-95a9-b1b07eb549a6", "historyId": "51f7e849eb5a284057bf36aafbebc54b", "testCaseId": "51f7e849eb5a284057bf36aafbebc54b", "fullName": "tests.api.test_security.TestPathTraversal#test_path_traversal", "labels": [{"name": "feature", "value": "安全测试"}, {"name": "severity", "value": "critical"}, {"name": "story", "value": "路径遍历检测"}, {"name": "tag", "value": "api"}, {"name": "tag", "value": "security"}, {"name": "parentSuite", "value": "tests.api"}, {"name": "suite", "value": "test_security"}, {"name": "subSuite", "value": "TestPathTraversal"}, {"name": "host", "value": "lianxiang"}, {"name": "thread", "value": "14812-MainThread"}, {"name": "framework", "value": "pytest"}, {"name": "language", "value": "cpython3"}, {"name": "package", "value": "tests.api.test_security"}]}