{"name": "检测路径遍历攻击", "status": "failed", "statusDetails": {"message": "AssertionError: 路径遍历防护失败，状态码: 200\nassert 200 in [400, 403, 404]\n +  where 200 = <Response [200]>.status_code", "trace": "tests\\api\\test_security.py:162: in test_path_traversal\n    assert response.status_code in [\nE   AssertionError: 路径遍历防护失败，状态码: 200\nE   assert 200 in [400, 403, 404]\nE    +  where 200 = <Response [200]>.status_code"}, "steps": [{"name": "测试路径遍历载荷: ../../../etc/passwd", "status": "failed", "statusDetails": {"message": "AssertionError: 路径遍历防护失败，状态码: 200\nassert 200 in [400, 403, 404]\n +  where 200 = <Response [200]>.status_code\n", "trace": "  File \"D:\\code\\test\\api_test_framework\\tests\\api\\test_security.py\", line 162, in test_path_traversal\n    assert response.status_code in [\n    ...<3 lines>...\n    ], f\"路径遍历防护失败，状态码: {response.status_code}\"\n"}, "steps": [{"name": "发送GET请求", "status": "passed", "parameters": [{"name": "endpoint", "value": "'/api/files/../../../etc/passwd'"}, {"name": "expected_status", "value": "200"}], "start": 1766825297612, "stop": 1766825297994}], "attachments": [{"name": "路径遍历检测结果", "source": "a39177d7-251f-404e-aa99-d62e62f729b2-attachment.attach"}], "start": 1766825297612, "stop": 1766825297995}], "attachments": [{"name": "失败信息", "source": "30c77cf6-79d2-4f49-b961-7ff865a73af6-attachment.txt", "type": "text/plain"}, {"name": "log", "source": "27816b75-9a63-45e2-a1de-9f3cd9bd06fa-attachment.txt", "type": "text/plain"}, {"name": "stdout", "source": "7b059924-99a4-49f0-88d4-c5674566ec67-attachment.txt", "type": "text/plain"}], "start": 1766825297611, "stop": 1766825297996, "uuid": "12715523-a917-4da0-b0bd-83c8a52b0926", "historyId": "51f7e849eb5a284057bf36aafbebc54b", "testCaseId": "51f7e849eb5a284057bf36aafbebc54b", "fullName": "tests.api.test_security.TestPathTraversal#test_path_traversal", "labels": [{"name": "severity", "value": "critical"}, {"name": "feature", "value": "安全测试"}, {"name": "story", "value": "路径遍历检测"}, {"name": "tag", "value": "api"}, {"name": "tag", "value": "security"}, {"name": "parentSuite", "value": "tests.api"}, {"name": "suite", "value": "test_security"}, {"name": "subSuite", "value": "TestPathTraversal"}, {"name": "host", "value": "lianxiang"}, {"name": "thread", "value": "17640-MainThread"}, {"name": "framework", "value": "pytest"}, {"name": "language", "value": "cpython3"}, {"name": "package", "value": "tests.api.test_security"}]}