{"name": "检测路径遍历攻击", "status": "failed", "statusDetails": {"message": "AssertionError: 路径遍历防护失败，状态码: 200\nassert 200 in [400, 403, 404]\n +  where 200 = <Response [200]>.status_code", "trace": "tests\\api\\test_security.py:162: in test_path_traversal\n    assert response.status_code in [\nE   AssertionError: 路径遍历防护失败，状态码: 200\nE   assert 200 in [400, 403, 404]\nE    +  where 200 = <Response [200]>.status_code"}, "steps": [{"name": "测试路径遍历载荷: ../../../etc/passwd", "status": "failed", "statusDetails": {"message": "AssertionError: 路径遍历防护失败，状态码: 200\nassert 200 in [400, 403, 404]\n +  where 200 = <Response [200]>.status_code\n", "trace": "  File \"D:\\code\\test\\api_test_framework\\tests\\api\\test_security.py\", line 162, in test_path_traversal\n    assert response.status_code in [\n    ...<3 lines>...\n    ], f\"路径遍历防护失败，状态码: {response.status_code}\"\n"}, "steps": [{"name": "发送GET请求", "status": "passed", "parameters": [{"name": "endpoint", "value": "'/files/../../../etc/passwd'"}, {"name": "expected_status", "value": "200"}], "start": 1766995935421, "stop": 1766995935698}], "attachments": [{"name": "路径遍历检测结果", "source": "564e128c-d525-45c7-85d7-da9f478cbee8-attachment.attach"}], "start": 1766995935421, "stop": 1766995935703}], "attachments": [{"name": "失败信息", "source": "f1b20839-68d0-4329-8622-34a266edc095-attachment.txt", "type": "text/plain"}, {"name": "log", "source": "72cee05f-0fce-4f54-abc4-d6f442f26d56-attachment.txt", "type": "text/plain"}, {"name": "stdout", "source": "f395e928-2dc1-4dc8-82cc-8c8d2ededa6a-attachment.txt", "type": "text/plain"}], "start": 1766995935421, "stop": 1766995935704, "uuid": "b805f696-514a-4bcd-8834-cd02d41cafdd", "historyId": "51f7e849eb5a284057bf36aafbebc54b", "testCaseId": "51f7e849eb5a284057bf36aafbebc54b", "fullName": "tests.api.test_security.TestPathTraversal#test_path_traversal", "labels": [{"name": "story", "value": "路径遍历检测"}, {"name": "feature", "value": "安全测试"}, {"name": "severity", "value": "critical"}, {"name": "tag", "value": "api"}, {"name": "tag", "value": "security"}, {"name": "parentSuite", "value": "tests.api"}, {"name": "suite", "value": "test_security"}, {"name": "subSuite", "value": "TestPathTraversal"}, {"name": "host", "value": "lianxiang"}, {"name": "thread", "value": "2984-MainThread"}, {"name": "framework", "value": "pytest"}, {"name": "language", "value": "cpython3"}, {"name": "package", "value": "tests.api.test_security"}]}