{"name": "检测XSS攻击", "status": "failed", "statusDetails": {"message": "AssertionError: 状态码不匹配: 期望 201, 实际 401", "trace": "tests\\api\\test_security.py:109: in test_xss_attack\n    response = self.post(\"/users/register\", json=user_data)\ncore\\base_test.py:51: in post\n    self.validator.validate_status_code(response, expected_status)\ncore\\validator.py:16: in validate_status_code\n    actual_status == expected_status\nE   AssertionError: 状态码不匹配: 期望 201, 实际 401"}, "steps": [{"name": "测试XSS载荷: <script>alert('XSS')</script>...", "status": "failed", "statusDetails": {"message": "AssertionError: 状态码不匹配: 期望 201, 实际 401\n", "trace": "  File \"D:\\code\\test\\api_test_framework\\tests\\api\\test_security.py\", line 109, in test_xss_attack\n    response = self.post(\"/users/register\", json=user_data)\n  File \"C:\\Users\\15071\\AppData\\Local\\Programs\\Python\\Python313\\Lib\\site-packages\\allure_commons\\_allure.py\", line 192, in impl\n    return func(*a, **kw)\n  File \"D:\\code\\test\\api_test_framework\\core\\base_test.py\", line 51, in post\n    self.validator.validate_status_code(response, expected_status)\n    ~~~~~~~~~~~~~~~~~~~~~~~~~~~~~~~~~~~^^^^^^^^^^^^^^^^^^^^^^^^^^^\n  File \"D:\\code\\test\\api_test_framework\\core\\validator.py\", line 16, in validate_status_code\n    actual_status == expected_status\n"}, "steps": [{"name": "发送POST请求", "status": "failed", "statusDetails": {"message": "AssertionError: 状态码不匹配: 期望 201, 实际 401\n", "trace": "  File \"C:\\Users\\15071\\AppData\\Local\\Programs\\Python\\Python313\\Lib\\site-packages\\allure_commons\\_allure.py\", line 192, in impl\n    return func(*a, **kw)\n  File \"D:\\code\\test\\api_test_framework\\core\\base_test.py\", line 51, in post\n    self.validator.validate_status_code(response, expected_status)\n    ~~~~~~~~~~~~~~~~~~~~~~~~~~~~~~~~~~~^^^^^^^^^^^^^^^^^^^^^^^^^^^\n  File \"D:\\code\\test\\api_test_framework\\core\\validator.py\", line 16, in validate_status_code\n    actual_status == expected_status\n"}, "parameters": [{"name": "endpoint", "value": "'/users/register'"}, {"name": "expected_status", "value": "201"}, {"name": "json", "value": "{'username': 'testuser_-6037475927649285061', 'email': 'test_-6037475927649285061@example.com', 'password': 'password123', 'name': \"<script>alert('XSS')</script>\"}"}], "start": 1766983533393, "stop": 1766983533662}], "start": 1766983533393, "stop": 1766983533662}], "attachments": [{"name": "失败信息", "source": "f54d8a33-3172-4374-be0d-9a88a312e864-attachment.txt", "type": "text/plain"}, {"name": "log", "source": "c3c918eb-9207-4e81-a399-129e7abe5b27-attachment.txt", "type": "text/plain"}, {"name": "stdout", "source": "f87e7154-ae64-429d-981e-68caada0ae40-attachment.txt", "type": "text/plain"}], "start": 1766983533393, "stop": 1766983533663, "uuid": "5738be4f-ac7b-48e7-9d2a-15e8659bfa07", "historyId": "815767372e70808d07c31da63cf5f10d", "testCaseId": "815767372e70808d07c31da63cf5f10d", "fullName": "tests.api.test_security.TestXSS#test_xss_attack", "labels": [{"name": "story", "value": "XSS攻击检测"}, {"name": "feature", "value": "安全测试"}, {"name": "severity", "value": "critical"}, {"name": "tag", "value": "api"}, {"name": "tag", "value": "security"}, {"name": "parentSuite", "value": "tests.api"}, {"name": "suite", "value": "test_security"}, {"name": "subSuite", "value": "TestXSS"}, {"name": "host", "value": "lianxiang"}, {"name": "thread", "value": "14812-MainThread"}, {"name": "framework", "value": "pytest"}, {"name": "language", "value": "cpython3"}, {"name": "package", "value": "tests.api.test_security"}]}