{"name": "缺少必填字段-extra_data.items", "status": "failed", "statusDetails": {"message": "AssertionError: 响应码应该为200，实际为400\nassert 400 == 200", "trace": "tests\\api\\test_wo_api.py:174: in test_wo_api\n    self._run_validations(response, test_case[\"request\"], test_case[\"validations\"])\ntests\\api\\test_wo_api.py:122: in _run_validations\n    self._validate_response_code(response, validation[\"expected\"])\ntests\\api\\test_wo_api.py:47: in _validate_response_code\n    assert response_data[\"code\"] == expected, f\"响应码应该为{expected}，实际为{response_data['code']}\"\nE   AssertionError: 响应码应该为200，实际为400\nE   assert 400 == 200"}, "steps": [{"name": "测试用例: 缺少必填字段-extra_data.items", "status": "failed", "statusDetails": {"message": "AssertionError: 响应码应该为200，实际为400\nassert 400 == 200\n", "trace": "  File \"D:\\code\\test\\api_test_framework\\tests\\api\\test_wo_api.py\", line 174, in test_wo_api\n    self._run_validations(response, test_case[\"request\"], test_case[\"validations\"])\n    ~~~~~~~~~~~~~~~~~~~~~^^^^^^^^^^^^^^^^^^^^^^^^^^^^^^^^^^^^^^^^^^^^^^^^^^^^^^^^^^\n  File \"D:\\code\\test\\api_test_framework\\tests\\api\\test_wo_api.py\", line 122, in _run_validations\n    self._validate_response_code(response, validation[\"expected\"])\n    ~~~~~~~~~~~~~~~~~~~~~~~~~~~~^^^^^^^^^^^^^^^^^^^^^^^^^^^^^^^^^^\n  File \"D:\\code\\test\\api_test_framework\\tests\\api\\test_wo_api.py\", line 47, in _validate_response_code\n    assert response_data[\"code\"] == expected, f\"响应码应该为{expected}，实际为{response_data['code']}\"\n"}, "steps": [{"name": "发送请求", "status": "passed", "attachments": [{"name": "响应内容", "source": "3964a4bf-70bb-41f9-940a-6d296f2f3f9b-attachment.txt", "type": "text/plain"}, {"name": "请求数据", "source": "8b59f7fd-2909-47e9-9d4c-89cac9e149d7-attachment.json", "type": "application/json"}], "start": 1767014182687, "stop": 1767014182978}, {"name": "验证响应", "status": "failed", "statusDetails": {"message": "AssertionError: 响应码应该为200，实际为400\nassert 400 == 200\n", "trace": "  File \"D:\\code\\test\\api_test_framework\\tests\\api\\test_wo_api.py\", line 174, in test_wo_api\n    self._run_validations(response, test_case[\"request\"], test_case[\"validations\"])\n    ~~~~~~~~~~~~~~~~~~~~~^^^^^^^^^^^^^^^^^^^^^^^^^^^^^^^^^^^^^^^^^^^^^^^^^^^^^^^^^^\n  File \"D:\\code\\test\\api_test_framework\\tests\\api\\test_wo_api.py\", line 122, in _run_validations\n    self._validate_response_code(response, validation[\"expected\"])\n    ~~~~~~~~~~~~~~~~~~~~~~~~~~~~^^^^^^^^^^^^^^^^^^^^^^^^^^^^^^^^^^\n  File \"D:\\code\\test\\api_test_framework\\tests\\api\\test_wo_api.py\", line 47, in _validate_response_code\n    assert response_data[\"code\"] == expected, f\"响应码应该为{expected}，实际为{response_data['code']}\"\n"}, "start": 1767014182978, "stop": 1767014182978}], "start": 1767014182687, "stop": 1767014182979}], "attachments": [{"name": "失败信息", "source": "2e22ebf5-908c-4af8-a45c-13bb519df535-attachment.txt", "type": "text/plain"}], "parameters": [{"name": "test_case_index", "value": "7"}], "start": 1767014182687, "stop": 1767014182980, "uuid": "08928f92-3491-43dd-b79b-33bbbab74db0", "historyId": "4428ccae16670e37b8b6427ff41fbc5b", "testCaseId": "5669fa0d7c46f548df7397704e776171", "fullName": "tests.api.test_wo_api.TestWoAPI#test_wo_api", "labels": [{"name": "feature", "value": "工单管理"}, {"name": "story", "value": "创建工单接口"}, {"name": "severity", "value": "critical"}, {"name": "tag", "value": "smoke"}, {"name": "tag", "value": "api"}, {"name": "tag", "value": "wo"}, {"name": "tag", "value": "wo"}, {"name": "tag", "value": "api"}, {"name": "tag", "value": "smoke"}, {"name": "parentSuite", "value": "tests.api"}, {"name": "suite", "value": "test_wo_api"}, {"name": "subSuite", "value": "TestWoAPI"}, {"name": "host", "value": "lianxiang"}, {"name": "thread", "value": "18988-MainThread"}, {"name": "framework", "value": "pytest"}, {"name": "language", "value": "cpython3"}, {"name": "package", "value": "tests.api.test_wo_api"}]}