{"name": "缺少认证信息", "status": "failed", "statusDetails": {"message": "AssertionError: 状态码应该为200，实际为401\nassert 401 == 200\n +  where 401 = <Response [401]>.status_code", "trace": "tests\\api\\test_wo_api.py:220: in test_wo_api\n    self._run_validations(response, test_case[\"request\"], test_case[\"validations\"])\ntests\\api\\test_wo_api.py:158: in _run_validations\n    self._validate_status_code(response, validation[\"expected\"])\ntests\\api\\test_wo_api.py:61: in _validate_status_code\n    assert response.status_code == expected, f\"状态码应该为{expected}，实际为{response.status_code}\"\nE   AssertionError: 状态码应该为200，实际为401\nE   assert 401 == 200\nE    +  where 401 = <Response [401]>.status_code"}, "steps": [{"name": "测试用例: 缺少认证信息", "status": "failed", "statusDetails": {"message": "AssertionError: 状态码应该为200，实际为401\nassert 401 == 200\n +  where 401 = <Response [401]>.status_code\n", "trace": "  File \"D:\\code\\test\\api_test_framework\\tests\\api\\test_wo_api.py\", line 220, in test_wo_api\n    self._run_validations(response, test_case[\"request\"], test_case[\"validations\"])\n    ~~~~~~~~~~~~~~~~~~~~~^^^^^^^^^^^^^^^^^^^^^^^^^^^^^^^^^^^^^^^^^^^^^^^^^^^^^^^^^^\n  File \"D:\\code\\test\\api_test_framework\\tests\\api\\test_wo_api.py\", line 158, in _run_validations\n    self._validate_status_code(response, validation[\"expected\"])\n    ~~~~~~~~~~~~~~~~~~~~~~~~~~^^^^^^^^^^^^^^^^^^^^^^^^^^^^^^^^^^\n  File \"D:\\code\\test\\api_test_framework\\tests\\api\\test_wo_api.py\", line 61, in _validate_status_code\n    assert response.status_code == expected, f\"状态码应该为{expected}，实际为{response.status_code}\"\n"}, "steps": [{"name": "发送请求", "status": "passed", "attachments": [{"name": "响应内容", "source": "70993bcd-af48-49a2-937a-1836c3e0eb12-attachment.txt", "type": "text/plain"}, {"name": "请求数据", "source": "65cf999c-6c86-4875-94dc-d177aec4f1c4-attachment.json", "type": "application/json"}], "start": 1767015091957, "stop": 1767015092296}, {"name": "验证响应", "status": "failed", "statusDetails": {"message": "AssertionError: 状态码应该为200，实际为401\nassert 401 == 200\n +  where 401 = <Response [401]>.status_code\n", "trace": "  File \"D:\\code\\test\\api_test_framework\\tests\\api\\test_wo_api.py\", line 220, in test_wo_api\n    self._run_validations(response, test_case[\"request\"], test_case[\"validations\"])\n    ~~~~~~~~~~~~~~~~~~~~~^^^^^^^^^^^^^^^^^^^^^^^^^^^^^^^^^^^^^^^^^^^^^^^^^^^^^^^^^^\n  File \"D:\\code\\test\\api_test_framework\\tests\\api\\test_wo_api.py\", line 158, in _run_validations\n    self._validate_status_code(response, validation[\"expected\"])\n    ~~~~~~~~~~~~~~~~~~~~~~~~~~^^^^^^^^^^^^^^^^^^^^^^^^^^^^^^^^^^\n  File \"D:\\code\\test\\api_test_framework\\tests\\api\\test_wo_api.py\", line 61, in _validate_status_code\n    assert response.status_code == expected, f\"状态码应该为{expected}，实际为{response.status_code}\"\n"}, "start": 1767015092296, "stop": 1767015092297}], "start": 1767015091957, "stop": 1767015092300}], "attachments": [{"name": "失败信息", "source": "5936cbf3-29f2-4bdc-b5b4-d5a06f588490-attachment.txt", "type": "text/plain"}, {"name": "log", "source": "9728ffcb-90b2-4232-938e-efb709c2baab-attachment.txt", "type": "text/plain"}], "parameters": [{"name": "test_case_index", "value": "1"}], "start": 1767015091955, "stop": 1767015092300, "uuid": "b283ae08-85ff-42ca-9442-66200506bab4", "historyId": "297c75c4b05a0ed8ba0983971e925414", "testCaseId": "5669fa0d7c46f548df7397704e776171", "fullName": "tests.api.test_wo_api.TestWoAPI#test_wo_api", "labels": [{"name": "feature", "value": "工单管理"}, {"name": "story", "value": "创建工单接口"}, {"name": "severity", "value": "critical"}, {"name": "tag", "value": "smoke"}, {"name": "tag", "value": "api"}, {"name": "tag", "value": "wo"}, {"name": "tag", "value": "auth"}, {"name": "tag", "value": "wo"}, {"name": "tag", "value": "api"}, {"name": "tag", "value": "smoke"}, {"name": "parentSuite", "value": "tests.api"}, {"name": "suite", "value": "test_wo_api"}, {"name": "subSuite", "value": "TestWoAPI"}, {"name": "host", "value": "lianxiang"}, {"name": "thread", "value": "20444-MainThread"}, {"name": "framework", "value": "pytest"}, {"name": "language", "value": "cpython3"}, {"name": "package", "value": "tests.api.test_wo_api"}]}