{"name": "缺少必填字段", "status": "failed", "statusDetails": {"message": "AssertionError: 状态码不匹配: 期望 400, 实际 401", "trace": "tests\\api\\test_user_api.py:81: in test_missing_required_field\n    response = self.post(\"/users/register\", json=user_data, expected_status=400)\ncore\\base_test.py:51: in post\n    self.validator.validate_status_code(response, expected_status)\ncore\\validator.py:16: in validate_status_code\n    actual_status == expected_status\nE   AssertionError: 状态码不匹配: 期望 400, 实际 401"}, "steps": [{"name": "发送POST请求", "status": "failed", "statusDetails": {"message": "AssertionError: 状态码不匹配: 期望 400, 实际 401\n", "trace": "  File \"C:\\Users\\15071\\AppData\\Local\\Programs\\Python\\Python313\\Lib\\site-packages\\allure_commons\\_allure.py\", line 192, in impl\n    return func(*a, **kw)\n  File \"D:\\code\\test\\api_test_framework\\core\\base_test.py\", line 51, in post\n    self.validator.validate_status_code(response, expected_status)\n    ~~~~~~~~~~~~~~~~~~~~~~~~~~~~~~~~~~~^^^^^^^^^^^^^^^^^^^^^^^^^^^\n  File \"D:\\code\\test\\api_test_framework\\core\\validator.py\", line 16, in validate_status_code\n    actual_status == expected_status\n"}, "parameters": [{"name": "endpoint", "value": "'/users/register'"}, {"name": "expected_status", "value": "400"}, {"name": "json", "value": "{'username': 'panyang', 'phone': '18903268138', 'name': '任飞', 'age': 46, 'address': '陕西省芳县兴山辛集街k座 172634', 'avatar': 'https://picsum.photos/980/81'}"}], "start": 1766983616621, "stop": 1766983616856}], "attachments": [{"name": "失败信息", "source": "4507fba1-b6c7-4002-9eb7-afe2373a264f-attachment.txt", "type": "text/plain"}, {"name": "log", "source": "47cc1818-ca62-462d-b4cb-daf1ad1971fc-attachment.txt", "type": "text/plain"}, {"name": "stdout", "source": "879a357e-61b7-40f1-ada7-68b93d6db921-attachment.txt", "type": "text/plain"}], "parameters": [{"name": "missing_field", "value": "'email'"}], "start": 1766983616621, "stop": 1766983616856, "uuid": "0ea84ce1-6c6c-4df2-a290-13fe17bd1950", "historyId": "e97b12c27ce064f8aebd0a25c189cc19", "testCaseId": "a7930302f75d437c6f45ada338e0aa10", "fullName": "tests.api.test_user_api.TestUserRegistration#test_missing_required_field", "labels": [{"name": "feature", "value": "用户管理"}, {"name": "story", "value": "用户注册"}, {"name": "severity", "value": "normal"}, {"name": "tag", "value": "api"}, {"name": "tag", "value": "regression"}, {"name": "parentSuite", "value": "tests.api"}, {"name": "suite", "value": "test_user_api"}, {"name": "subSuite", "value": "TestUserRegistration"}, {"name": "host", "value": "lianxiang"}, {"name": "thread", "value": "20648-MainThread"}, {"name": "framework", "value": "pytest"}, {"name": "language", "value": "cpython3"}, {"name": "package", "value": "tests.api.test_user_api"}]}