{"name": "检测未授权访问", "status": "failed", "statusDetails": {"message": "AssertionError: 状态码不匹配: 期望 200, 实际 401", "trace": "tests\\api\\test_security.py:182: in test_unauthorized_access\n    response = self.get(endpoint)\ncore\\base_test.py:43: in get\n    self.validator.validate_status_code(response, expected_status)\ncore\\validator.py:16: in validate_status_code\n    actual_status == expected_status\nE   AssertionError: 状态码不匹配: 期望 200, 实际 401"}, "steps": [{"name": "测试未授权访问: /api/users/me", "status": "failed", "statusDetails": {"message": "AssertionError: 状态码不匹配: 期望 200, 实际 401\n", "trace": "  File \"D:\\code\\test\\api_test_framework\\tests\\api\\test_security.py\", line 182, in test_unauthorized_access\n    response = self.get(endpoint)\n  File \"C:\\Users\\15071\\AppData\\Local\\Programs\\Python\\Python313\\Lib\\site-packages\\allure_commons\\_allure.py\", line 192, in impl\n    return func(*a, **kw)\n  File \"D:\\code\\test\\api_test_framework\\core\\base_test.py\", line 43, in get\n    self.validator.validate_status_code(response, expected_status)\n    ~~~~~~~~~~~~~~~~~~~~~~~~~~~~~~~~~~~^^^^^^^^^^^^^^^^^^^^^^^^^^^\n  File \"D:\\code\\test\\api_test_framework\\core\\validator.py\", line 16, in validate_status_code\n    actual_status == expected_status\n"}, "steps": [{"name": "发送GET请求", "status": "failed", "statusDetails": {"message": "AssertionError: 状态码不匹配: 期望 200, 实际 401\n", "trace": "  File \"C:\\Users\\15071\\AppData\\Local\\Programs\\Python\\Python313\\Lib\\site-packages\\allure_commons\\_allure.py\", line 192, in impl\n    return func(*a, **kw)\n  File \"D:\\code\\test\\api_test_framework\\core\\base_test.py\", line 43, in get\n    self.validator.validate_status_code(response, expected_status)\n    ~~~~~~~~~~~~~~~~~~~~~~~~~~~~~~~~~~~^^^^^^^^^^^^^^^^^^^^^^^^^^^\n  File \"D:\\code\\test\\api_test_framework\\core\\validator.py\", line 16, in validate_status_code\n    actual_status == expected_status\n"}, "parameters": [{"name": "endpoint", "value": "'/api/users/me'"}, {"name": "expected_status", "value": "200"}], "start": 1766983533931, "stop": 1766983534192}], "start": 1766983533931, "stop": 1766983534193}], "attachments": [{"name": "失败信息", "source": "45b1d985-d86c-447e-bf93-a1f705069899-attachment.txt", "type": "text/plain"}, {"name": "log", "source": "a63270fb-ac3c-4d50-aa72-261cbb728dc8-attachment.txt", "type": "text/plain"}, {"name": "stdout", "source": "c71fc0dc-272d-48b5-bc2d-d25cbfd51271-attachment.txt", "type": "text/plain"}], "start": 1766983533931, "stop": 1766983534193, "uuid": "40e38369-14e8-4a55-af5a-b6cc9fc36e14", "historyId": "2717d1ed1793a0f0ce3d1a78f6932270", "testCaseId": "2717d1ed1793a0f0ce3d1a78f6932270", "fullName": "tests.api.test_security.TestAuthBypass#test_unauthorized_access", "labels": [{"name": "story", "value": "认证绕过检测"}, {"name": "feature", "value": "安全测试"}, {"name": "severity", "value": "critical"}, {"name": "tag", "value": "api"}, {"name": "tag", "value": "security"}, {"name": "parentSuite", "value": "tests.api"}, {"name": "suite", "value": "test_security"}, {"name": "subSuite", "value": "TestAuthBypass"}, {"name": "host", "value": "lianxiang"}, {"name": "thread", "value": "14812-MainThread"}, {"name": "framework", "value": "pytest"}, {"name": "language", "value": "cpython3"}, {"name": "package", "value": "tests.api.test_security"}]}