{"name": "缺少必填字段-description", "status": "failed", "statusDetails": {"message": "AssertionError: 响应码应该为200，实际为400\nassert 400 == 200", "trace": "tests\\api\\test_wo_api.py:174: in test_wo_api\n    self._run_validations(response, test_case[\"request\"], test_case[\"validations\"])\ntests\\api\\test_wo_api.py:122: in _run_validations\n    self._validate_response_code(response, validation[\"expected\"])\ntests\\api\\test_wo_api.py:47: in _validate_response_code\n    assert response_data[\"code\"] == expected, f\"响应码应该为{expected}，实际为{response_data['code']}\"\nE   AssertionError: 响应码应该为200，实际为400\nE   assert 400 == 200"}, "steps": [{"name": "测试用例: 缺少必填字段-description", "status": "failed", "statusDetails": {"message": "AssertionError: 响应码应该为200，实际为400\nassert 400 == 200\n", "trace": "  File \"D:\\code\\test\\api_test_framework\\tests\\api\\test_wo_api.py\", line 174, in test_wo_api\n    self._run_validations(response, test_case[\"request\"], test_case[\"validations\"])\n    ~~~~~~~~~~~~~~~~~~~~~^^^^^^^^^^^^^^^^^^^^^^^^^^^^^^^^^^^^^^^^^^^^^^^^^^^^^^^^^^\n  File \"D:\\code\\test\\api_test_framework\\tests\\api\\test_wo_api.py\", line 122, in _run_validations\n    self._validate_response_code(response, validation[\"expected\"])\n    ~~~~~~~~~~~~~~~~~~~~~~~~~~~~^^^^^^^^^^^^^^^^^^^^^^^^^^^^^^^^^^\n  File \"D:\\code\\test\\api_test_framework\\tests\\api\\test_wo_api.py\", line 47, in _validate_response_code\n    assert response_data[\"code\"] == expected, f\"响应码应该为{expected}，实际为{response_data['code']}\"\n"}, "steps": [{"name": "发送请求", "status": "passed", "attachments": [{"name": "响应内容", "source": "861c0f57-e220-4352-aba6-3f5c5b6bb033-attachment.txt", "type": "text/plain"}, {"name": "请求数据", "source": "6e444034-d364-457f-b26f-ecd91829295d-attachment.json", "type": "application/json"}], "start": 1767014181175, "stop": 1767014181464}, {"name": "验证响应", "status": "failed", "statusDetails": {"message": "AssertionError: 响应码应该为200，实际为400\nassert 400 == 200\n", "trace": "  File \"D:\\code\\test\\api_test_framework\\tests\\api\\test_wo_api.py\", line 174, in test_wo_api\n    self._run_validations(response, test_case[\"request\"], test_case[\"validations\"])\n    ~~~~~~~~~~~~~~~~~~~~~^^^^^^^^^^^^^^^^^^^^^^^^^^^^^^^^^^^^^^^^^^^^^^^^^^^^^^^^^^\n  File \"D:\\code\\test\\api_test_framework\\tests\\api\\test_wo_api.py\", line 122, in _run_validations\n    self._validate_response_code(response, validation[\"expected\"])\n    ~~~~~~~~~~~~~~~~~~~~~~~~~~~~^^^^^^^^^^^^^^^^^^^^^^^^^^^^^^^^^^\n  File \"D:\\code\\test\\api_test_framework\\tests\\api\\test_wo_api.py\", line 47, in _validate_response_code\n    assert response_data[\"code\"] == expected, f\"响应码应该为{expected}，实际为{response_data['code']}\"\n"}, "start": 1767014181464, "stop": 1767014181464}], "start": 1767014181175, "stop": 1767014181465}], "attachments": [{"name": "失败信息", "source": "b3b15033-083c-4265-b964-a5b132e23e27-attachment.txt", "type": "text/plain"}], "parameters": [{"name": "test_case_index", "value": "2"}], "start": 1767014181175, "stop": 1767014181465, "uuid": "1ac059c7-f72b-4be9-afac-ff2639c47269", "historyId": "0e02be19389539a767012d1010cc8f83", "testCaseId": "5669fa0d7c46f548df7397704e776171", "fullName": "tests.api.test_wo_api.TestWoAPI#test_wo_api", "labels": [{"name": "feature", "value": "工单管理"}, {"name": "story", "value": "创建工单接口"}, {"name": "severity", "value": "critical"}, {"name": "tag", "value": "smoke"}, {"name": "tag", "value": "api"}, {"name": "tag", "value": "wo"}, {"name": "tag", "value": "wo"}, {"name": "tag", "value": "api"}, {"name": "tag", "value": "smoke"}, {"name": "parentSuite", "value": "tests.api"}, {"name": "suite", "value": "test_wo_api"}, {"name": "subSuite", "value": "TestWoAPI"}, {"name": "host", "value": "lianxiang"}, {"name": "thread", "value": "18988-MainThread"}, {"name": "framework", "value": "pytest"}, {"name": "language", "value": "cpython3"}, {"name": "package", "value": "tests.api.test_wo_api"}]}