{"name": "检测搜索接口SQL注入", "status": "failed", "statusDetails": {"message": "AssertionError: 状态码不匹配: 期望 200, 实际 401", "trace": "tests\\api\\test_security.py:62: in test_sql_injection_search\n    response = self.get(f\"/products?name={payload}\")\ncore\\base_test.py:43: in get\n    self.validator.validate_status_code(response, expected_status)\ncore\\validator.py:16: in validate_status_code\n    actual_status == expected_status\nE   AssertionError: 状态码不匹配: 期望 200, 实际 401"}, "steps": [{"name": "测试SQL注入载荷: 1' OR '1'='1", "status": "failed", "statusDetails": {"message": "AssertionError: 状态码不匹配: 期望 200, 实际 401\n", "trace": "  File \"D:\\code\\test\\api_test_framework\\tests\\api\\test_security.py\", line 62, in test_sql_injection_search\n    response = self.get(f\"/products?name={payload}\")\n  File \"C:\\Users\\15071\\AppData\\Local\\Programs\\Python\\Python313\\Lib\\site-packages\\allure_commons\\_allure.py\", line 192, in impl\n    return func(*a, **kw)\n  File \"D:\\code\\test\\api_test_framework\\core\\base_test.py\", line 43, in get\n    self.validator.validate_status_code(response, expected_status)\n    ~~~~~~~~~~~~~~~~~~~~~~~~~~~~~~~~~~~^^^^^^^^^^^^^^^^^^^^^^^^^^^\n  File \"D:\\code\\test\\api_test_framework\\core\\validator.py\", line 16, in validate_status_code\n    actual_status == expected_status\n"}, "steps": [{"name": "发送GET请求", "status": "failed", "statusDetails": {"message": "AssertionError: 状态码不匹配: 期望 200, 实际 401\n", "trace": "  File \"C:\\Users\\15071\\AppData\\Local\\Programs\\Python\\Python313\\Lib\\site-packages\\allure_commons\\_allure.py\", line 192, in impl\n    return func(*a, **kw)\n  File \"D:\\code\\test\\api_test_framework\\core\\base_test.py\", line 43, in get\n    self.validator.validate_status_code(response, expected_status)\n    ~~~~~~~~~~~~~~~~~~~~~~~~~~~~~~~~~~~^^^^^^^^^^^^^^^^^^^^^^^^^^^\n  File \"D:\\code\\test\\api_test_framework\\core\\validator.py\", line 16, in validate_status_code\n    actual_status == expected_status\n"}, "parameters": [{"name": "endpoint", "value": "'/products?name=1' OR '1'='1'"}, {"name": "expected_status", "value": "200"}], "start": 1766996107261, "stop": 1766996107564}], "start": 1766996107261, "stop": 1766996107565}], "attachments": [{"name": "失败信息", "source": "62fbc325-6801-4b98-8ae5-01bc31acb790-attachment.txt", "type": "text/plain"}, {"name": "log", "source": "28121377-9b9b-4f1d-8dae-bf0d6f977359-attachment.txt", "type": "text/plain"}, {"name": "stdout", "source": "6d2134d9-f2ab-4993-8bd8-72d64499271c-attachment.txt", "type": "text/plain"}], "start": 1766996107261, "stop": 1766996107565, "uuid": "cc513f79-4e7f-4182-ba82-3f219a4eaf72", "historyId": "afdcda82bc3e2be8ac63babc11df85ef", "testCaseId": "afdcda82bc3e2be8ac63babc11df85ef", "fullName": "tests.api.test_security.TestSQLInjection#test_sql_injection_search", "labels": [{"name": "story", "value": "SQL注入检测"}, {"name": "feature", "value": "安全测试"}, {"name": "severity", "value": "critical"}, {"name": "tag", "value": "api"}, {"name": "tag", "value": "security"}, {"name": "parentSuite", "value": "tests.api"}, {"name": "suite", "value": "test_security"}, {"name": "subSuite", "value": "TestSQLInjection"}, {"name": "host", "value": "lianxiang"}, {"name": "thread", "value": "4008-MainThread"}, {"name": "framework", "value": "pytest"}, {"name": "language", "value": "cpython3"}, {"name": "package", "value": "tests.api.test_security"}]}