{"name": "12-SQL注入攻击-product_id", "status": "failed", "statusDetails": {"message": "AssertionError: 响应消息应该包含'非法字符'，实际为'表单数据验证失败: 字段 \"商品主图\" 为必填项'\nassert '非法字符' in '表单数据验证失败: 字段 \"商品主图\" 为必填项'", "trace": "E   AssertionError: 响应消息应该包含'非法字符'，实际为'表单数据验证失败: 字段 \"商品主图\" 为必填项'\n    assert '非法字符' in '表单数据验证失败: 字段 \"商品主图\" 为必填项'"}, "steps": [{"name": "测试用例: 12-SQL注入攻击-product_id", "status": "failed", "statusDetails": {"message": "AssertionError: 响应消息应该包含'非法字符'，实际为'表单数据验证失败: 字段 \"商品主图\" 为必填项'\nassert '非法字符' in '表单数据验证失败: 字段 \"商品主图\" 为必填项'\n", "trace": "  File \"D:\\code\\test\\api_test_framework\\tests\\api\\test_wo_api.py\", line 220, in test_wo_api\n    self._run_validations(response, test_case[\"request\"], test_case[\"validations\"])\n    ~~~~~~~~~~~~~~~~~~~~~^^^^^^^^^^^^^^^^^^^^^^^^^^^^^^^^^^^^^^^^^^^^^^^^^^^^^^^^^^\n  File \"D:\\code\\test\\api_test_framework\\tests\\api\\test_wo_api.py\", line 162, in _run_validations\n    self._validate_message_contains(response, validation[\"expected\"])\n    ~~~~~~~~~~~~~~~~~~~~~~~~~~~~~~~^^^^^^^^^^^^^^^^^^^^^^^^^^^^^^^^^^\n  File \"D:\\code\\test\\api_test_framework\\tests\\api\\test_wo_api.py\", line 75, in _validate_message_contains\n    assert expected in response_data[\"message\"], f\"响应消息应该包含'{expected}'，实际为'{response_data['message']}'\"\n"}, "steps": [{"name": "发送请求", "status": "passed", "attachments": [{"name": "响应内容", "source": "82ce27bb-6339-4e4c-b9ae-2fd4fdca56d4-attachment.txt", "type": "text/plain"}, {"name": "请求数据", "source": "e4f85c25-8137-40e2-bf9c-c779498064de-attachment.json", "type": "application/json"}], "start": 1767016172612, "stop": 1767016172905}, {"name": "验证响应", "status": "failed", "statusDetails": {"message": "AssertionError: 响应消息应该包含'非法字符'，实际为'表单数据验证失败: 字段 \"商品主图\" 为必填项'\nassert '非法字符' in '表单数据验证失败: 字段 \"商品主图\" 为必填项'\n", "trace": "  File \"D:\\code\\test\\api_test_framework\\tests\\api\\test_wo_api.py\", line 220, in test_wo_api\n    self._run_validations(response, test_case[\"request\"], test_case[\"validations\"])\n    ~~~~~~~~~~~~~~~~~~~~~^^^^^^^^^^^^^^^^^^^^^^^^^^^^^^^^^^^^^^^^^^^^^^^^^^^^^^^^^^\n  File \"D:\\code\\test\\api_test_framework\\tests\\api\\test_wo_api.py\", line 162, in _run_validations\n    self._validate_message_contains(response, validation[\"expected\"])\n    ~~~~~~~~~~~~~~~~~~~~~~~~~~~~~~~^^^^^^^^^^^^^^^^^^^^^^^^^^^^^^^^^^\n  File \"D:\\code\\test\\api_test_framework\\tests\\api\\test_wo_api.py\", line 75, in _validate_message_contains\n    assert expected in response_data[\"message\"], f\"响应消息应该包含'{expected}'，实际为'{response_data['message']}'\"\n"}, "start": 1767016172906, "stop": 1767016172906}], "start": 1767016172612, "stop": 1767016172907}], "attachments": [{"name": "失败信息", "source": "8d1512b9-7ef4-492c-a268-1d743fbd2e4b-attachment.txt", "type": "text/plain"}, {"name": "log", "source": "a9912f48-25d4-4261-a935-fcba110b135a-attachment.txt", "type": "text/plain"}, {"name": "stdout", "source": "224f98af-07c5-4f6a-98cb-899be7f4fe3d-attachment.txt", "type": "text/plain"}], "parameters": [{"name": "test_case_index", "value": "11"}], "start": 1767016172611, "stop": 1767016172908, "uuid": "0110478e-c30c-4978-a6a3-190f6bb20903", "historyId": "01a67fd987a89ece1190be5baeb39d8a", "testCaseId": "5669fa0d7c46f548df7397704e776171", "fullName": "tests.api.test_wo_api.TestWoAPI#test_wo_api", "labels": [{"name": "feature", "value": "工单管理"}, {"name": "story", "value": "创建工单接口"}, {"name": "severity", "value": "critical"}, {"name": "tag", "value": "smoke"}, {"name": "tag", "value": "api"}, {"name": "tag", "value": "wo"}, {"name": "tag", "value": "security"}, {"name": "tag", "value": "wo"}, {"name": "tag", "value": "api"}, {"name": "tag", "value": "smoke"}, {"name": "parentSuite", "value": "tests.api"}, {"name": "suite", "value": "test_wo_api"}, {"name": "subSuite", "value": "TestWoAPI"}, {"name": "host", "value": "lianxiang"}, {"name": "thread", "value": "16528-MainThread"}, {"name": "framework", "value": "pytest"}, {"name": "language", "value": "cpython3"}, {"name": "package", "value": "tests.api.test_wo_api"}]}