{"name": "缺少必填字段", "status": "failed", "statusDetails": {"message": "AssertionError: 状态码不匹配: 期望 400, 实际 401", "trace": "tests\\api\\test_user_api.py:81: in test_missing_required_field\n    response = self.post(\"/users/register\", json=user_data, expected_status=400)\ncore\\base_test.py:51: in post\n    self.validator.validate_status_code(response, expected_status)\ncore\\validator.py:16: in validate_status_code\n    actual_status == expected_status\nE   AssertionError: 状态码不匹配: 期望 400, 实际 401"}, "steps": [{"name": "发送POST请求", "status": "failed", "statusDetails": {"message": "AssertionError: 状态码不匹配: 期望 400, 实际 401\n", "trace": "  File \"C:\\Users\\15071\\AppData\\Local\\Programs\\Python\\Python313\\Lib\\site-packages\\allure_commons\\_allure.py\", line 192, in impl\n    return func(*a, **kw)\n  File \"d:\\code\\test\\api_test_framework\\core\\base_test.py\", line 51, in post\n    self.validator.validate_status_code(response, expected_status)\n    ~~~~~~~~~~~~~~~~~~~~~~~~~~~~~~~~~~~^^^^^^^^^^^^^^^^^^^^^^^^^^^\n  File \"d:\\code\\test\\api_test_framework\\core\\validator.py\", line 16, in validate_status_code\n    actual_status == expected_status\n"}, "parameters": [{"name": "endpoint", "value": "'/users/register'"}, {"name": "expected_status", "value": "400"}, {"name": "json", "value": "{'email': 'xia92@example.com', 'phone': '15392394090', 'name': '赵桂芝', 'age': 34, 'address': '江苏省艳县东城汕尾街u座 479447', 'avatar': 'https://picsum.photos/824/227'}"}], "start": 1766843503736, "stop": 1766843504287}], "attachments": [{"name": "失败信息", "source": "80fa231c-380a-49ac-8af9-0a9cf88de5f6-attachment.txt", "type": "text/plain"}, {"name": "log", "source": "1ffb7445-14a9-44f8-bf35-87ba6b08c443-attachment.txt", "type": "text/plain"}, {"name": "stdout", "source": "923c9742-5844-4e80-afd2-cbb364fd62c9-attachment.txt", "type": "text/plain"}], "parameters": [{"name": "missing_field", "value": "'username'"}], "start": 1766843503735, "stop": 1766843504288, "uuid": "d9d6bb17-7edf-46db-ba62-8ac3a296fa5b", "historyId": "6d4641db7992b2e7e41a892c242f1574", "testCaseId": "a7930302f75d437c6f45ada338e0aa10", "fullName": "tests.api.test_user_api.TestUserRegistration#test_missing_required_field", "labels": [{"name": "severity", "value": "normal"}, {"name": "feature", "value": "用户管理"}, {"name": "story", "value": "用户注册"}, {"name": "tag", "value": "api"}, {"name": "tag", "value": "regression"}, {"name": "parentSuite", "value": "tests.api"}, {"name": "suite", "value": "test_user_api"}, {"name": "subSuite", "value": "TestUserRegistration"}, {"name": "host", "value": "lianxiang"}, {"name": "thread", "value": "23072-MainThread"}, {"name": "framework", "value": "pytest"}, {"name": "language", "value": "cpython3"}, {"name": "package", "value": "tests.api.test_user_api"}]}