{"name": "缺少必填字段-extra_data", "status": "failed", "statusDetails": {"message": "AssertionError: 响应消息应该包含'扩展数据不能为空'，实际为'工单只能在组织中创建'\nassert '扩展数据不能为空' in '工单只能在组织中创建'", "trace": "tests\\api\\test_wo_api.py:183: in test_wo_api\n    self._run_validations(response, test_case[\"request\"], test_case[\"validations\"])\ntests\\api\\test_wo_api.py:133: in _run_validations\n    self._validate_message_contains(response, validation[\"expected\"])\ntests\\api\\test_wo_api.py:60: in _validate_message_contains\n    assert expected in response_data[\"message\"], f\"响应消息应该包含'{expected}'，实际为'{response_data['message']}'\"\nE   AssertionError: 响应消息应该包含'扩展数据不能为空'，实际为'工单只能在组织中创建'\nE   assert '扩展数据不能为空' in '工单只能在组织中创建'"}, "steps": [{"name": "测试用例: 缺少必填字段-extra_data", "status": "failed", "statusDetails": {"message": "AssertionError: 响应消息应该包含'扩展数据不能为空'，实际为'工单只能在组织中创建'\nassert '扩展数据不能为空' in '工单只能在组织中创建'\n", "trace": "  File \"D:\\code\\test\\api_test_framework\\tests\\api\\test_wo_api.py\", line 183, in test_wo_api\n    self._run_validations(response, test_case[\"request\"], test_case[\"validations\"])\n    ~~~~~~~~~~~~~~~~~~~~~^^^^^^^^^^^^^^^^^^^^^^^^^^^^^^^^^^^^^^^^^^^^^^^^^^^^^^^^^^\n  File \"D:\\code\\test\\api_test_framework\\tests\\api\\test_wo_api.py\", line 133, in _run_validations\n    self._validate_message_contains(response, validation[\"expected\"])\n    ~~~~~~~~~~~~~~~~~~~~~~~~~~~~~~~^^^^^^^^^^^^^^^^^^^^^^^^^^^^^^^^^^\n  File \"D:\\code\\test\\api_test_framework\\tests\\api\\test_wo_api.py\", line 60, in _validate_message_contains\n    assert expected in response_data[\"message\"], f\"响应消息应该包含'{expected}'，实际为'{response_data['message']}'\"\n"}, "steps": [{"name": "发送请求", "status": "passed", "attachments": [{"name": "响应内容", "source": "76ed20a7-d968-4618-98f9-e5ace59a7db3-attachment.txt", "type": "text/plain"}, {"name": "请求数据", "source": "2274a7d8-7222-4f5e-bedf-fab8182dbd08-attachment.json", "type": "application/json"}], "start": 1767004718182, "stop": 1767004718506}, {"name": "验证响应", "status": "failed", "statusDetails": {"message": "AssertionError: 响应消息应该包含'扩展数据不能为空'，实际为'工单只能在组织中创建'\nassert '扩展数据不能为空' in '工单只能在组织中创建'\n", "trace": "  File \"D:\\code\\test\\api_test_framework\\tests\\api\\test_wo_api.py\", line 183, in test_wo_api\n    self._run_validations(response, test_case[\"request\"], test_case[\"validations\"])\n    ~~~~~~~~~~~~~~~~~~~~~^^^^^^^^^^^^^^^^^^^^^^^^^^^^^^^^^^^^^^^^^^^^^^^^^^^^^^^^^^\n  File \"D:\\code\\test\\api_test_framework\\tests\\api\\test_wo_api.py\", line 133, in _run_validations\n    self._validate_message_contains(response, validation[\"expected\"])\n    ~~~~~~~~~~~~~~~~~~~~~~~~~~~~~~~^^^^^^^^^^^^^^^^^^^^^^^^^^^^^^^^^^\n  File \"D:\\code\\test\\api_test_framework\\tests\\api\\test_wo_api.py\", line 60, in _validate_message_contains\n    assert expected in response_data[\"message\"], f\"响应消息应该包含'{expected}'，实际为'{response_data['message']}'\"\n"}, "start": 1767004718507, "stop": 1767004718507}], "start": 1767004718182, "stop": 1767004718507}], "attachments": [{"name": "失败信息", "source": "4dbaab18-0189-43d7-8bc8-7f692abc9ceb-attachment.txt", "type": "text/plain"}], "parameters": [{"name": "test_case_index", "value": "4"}], "start": 1767004718182, "stop": 1767004718508, "uuid": "f54665d6-1961-4c60-a696-a9bf5e43f1bc", "historyId": "9f38690452cf43c9eb424bb06b43987e", "testCaseId": "5669fa0d7c46f548df7397704e776171", "fullName": "tests.api.test_wo_api.TestWoAPI#test_wo_api", "labels": [{"name": "feature", "value": "工单管理"}, {"name": "story", "value": "创建工单接口"}, {"name": "severity", "value": "critical"}, {"name": "tag", "value": "smoke"}, {"name": "tag", "value": "api"}, {"name": "tag", "value": "wo"}, {"name": "tag", "value": "wo"}, {"name": "tag", "value": "api"}, {"name": "tag", "value": "smoke"}, {"name": "parentSuite", "value": "tests.api"}, {"name": "suite", "value": "test_wo_api"}, {"name": "subSuite", "value": "TestWoAPI"}, {"name": "host", "value": "lianxiang"}, {"name": "thread", "value": "21244-MainThread"}, {"name": "framework", "value": "pytest"}, {"name": "language", "value": "cpython3"}, {"name": "package", "value": "tests.api.test_wo_api"}]}