{"name": "XSS攻击-description", "status": "failed", "statusDetails": {"message": "AssertionError: 响应消息应该包含'描述包含非法字符'，实际为'工单只能在组织中创建'\nassert '描述包含非法字符' in '工单只能在组织中创建'", "trace": "tests\\api\\test_wo_api.py:183: in test_wo_api\n    self._run_validations(response, test_case[\"request\"], test_case[\"validations\"])\ntests\\api\\test_wo_api.py:133: in _run_validations\n    self._validate_message_contains(response, validation[\"expected\"])\ntests\\api\\test_wo_api.py:60: in _validate_message_contains\n    assert expected in response_data[\"message\"], f\"响应消息应该包含'{expected}'，实际为'{response_data['message']}'\"\nE   AssertionError: 响应消息应该包含'描述包含非法字符'，实际为'工单只能在组织中创建'\nE   assert '描述包含非法字符' in '工单只能在组织中创建'"}, "steps": [{"name": "测试用例: XSS攻击-description", "status": "failed", "statusDetails": {"message": "AssertionError: 响应消息应该包含'描述包含非法字符'，实际为'工单只能在组织中创建'\nassert '描述包含非法字符' in '工单只能在组织中创建'\n", "trace": "  File \"D:\\code\\test\\api_test_framework\\tests\\api\\test_wo_api.py\", line 183, in test_wo_api\n    self._run_validations(response, test_case[\"request\"], test_case[\"validations\"])\n    ~~~~~~~~~~~~~~~~~~~~~^^^^^^^^^^^^^^^^^^^^^^^^^^^^^^^^^^^^^^^^^^^^^^^^^^^^^^^^^^\n  File \"D:\\code\\test\\api_test_framework\\tests\\api\\test_wo_api.py\", line 133, in _run_validations\n    self._validate_message_contains(response, validation[\"expected\"])\n    ~~~~~~~~~~~~~~~~~~~~~~~~~~~~~~~^^^^^^^^^^^^^^^^^^^^^^^^^^^^^^^^^^\n  File \"D:\\code\\test\\api_test_framework\\tests\\api\\test_wo_api.py\", line 60, in _validate_message_contains\n    assert expected in response_data[\"message\"], f\"响应消息应该包含'{expected}'，实际为'{response_data['message']}'\"\n"}, "steps": [{"name": "发送请求", "status": "passed", "attachments": [{"name": "响应内容", "source": "c104815e-0782-4195-9393-41fda23af0ba-attachment.txt", "type": "text/plain"}, {"name": "请求数据", "source": "7d5a6df6-4c45-42a0-a3d9-297432a1e612-attachment.json", "type": "application/json"}], "start": 1767004942767, "stop": 1767004943030}, {"name": "验证响应", "status": "failed", "statusDetails": {"message": "AssertionError: 响应消息应该包含'描述包含非法字符'，实际为'工单只能在组织中创建'\nassert '描述包含非法字符' in '工单只能在组织中创建'\n", "trace": "  File \"D:\\code\\test\\api_test_framework\\tests\\api\\test_wo_api.py\", line 183, in test_wo_api\n    self._run_validations(response, test_case[\"request\"], test_case[\"validations\"])\n    ~~~~~~~~~~~~~~~~~~~~~^^^^^^^^^^^^^^^^^^^^^^^^^^^^^^^^^^^^^^^^^^^^^^^^^^^^^^^^^^\n  File \"D:\\code\\test\\api_test_framework\\tests\\api\\test_wo_api.py\", line 133, in _run_validations\n    self._validate_message_contains(response, validation[\"expected\"])\n    ~~~~~~~~~~~~~~~~~~~~~~~~~~~~~~~^^^^^^^^^^^^^^^^^^^^^^^^^^^^^^^^^^\n  File \"D:\\code\\test\\api_test_framework\\tests\\api\\test_wo_api.py\", line 60, in _validate_message_contains\n    assert expected in response_data[\"message\"], f\"响应消息应该包含'{expected}'，实际为'{response_data['message']}'\"\n"}, "start": 1767004943030, "stop": 1767004943031}], "start": 1767004942767, "stop": 1767004943031}], "attachments": [{"name": "失败信息", "source": "b8217ea1-a245-4a7a-8c75-c36e62580933-attachment.txt", "type": "text/plain"}], "parameters": [{"name": "test_case_index", "value": "10"}], "start": 1767004942766, "stop": 1767004943032, "uuid": "ae480c22-ca48-41a8-81de-49291fcb04d8", "historyId": "ea6cbf64b00724a19c5c92e3f297b8d9", "testCaseId": "5669fa0d7c46f548df7397704e776171", "fullName": "tests.api.test_wo_api.TestWoAPI#test_wo_api", "labels": [{"name": "feature", "value": "工单管理"}, {"name": "story", "value": "创建工单接口"}, {"name": "severity", "value": "critical"}, {"name": "tag", "value": "smoke"}, {"name": "tag", "value": "api"}, {"name": "tag", "value": "wo"}, {"name": "tag", "value": "security"}, {"name": "tag", "value": "wo"}, {"name": "tag", "value": "api"}, {"name": "tag", "value": "smoke"}, {"name": "parentSuite", "value": "tests.api"}, {"name": "suite", "value": "test_wo_api"}, {"name": "subSuite", "value": "TestWoAPI"}, {"name": "host", "value": "lianxiang"}, {"name": "thread", "value": "17292-MainThread"}, {"name": "framework", "value": "pytest"}, {"name": "language", "value": "cpython3"}, {"name": "package", "value": "tests.api.test_wo_api"}]}