{"name": "检测路径遍历攻击", "status": "failed", "statusDetails": {"message": "AssertionError: 路径遍历防护失败，状态码: 200\nassert 200 in [400, 403, 404]\n +  where 200 = <Response [200]>.status_code", "trace": "tests\\api\\test_security.py:162: in test_path_traversal\n    assert response.status_code in [\nE   AssertionError: 路径遍历防护失败，状态码: 200\nE   assert 200 in [400, 403, 404]\nE    +  where 200 = <Response [200]>.status_code"}, "steps": [{"name": "测试路径遍历载荷: ../../../etc/passwd", "status": "failed", "statusDetails": {"message": "AssertionError: 路径遍历防护失败，状态码: 200\nassert 200 in [400, 403, 404]\n +  where 200 = <Response [200]>.status_code\n", "trace": "  File \"D:\\code\\test\\api_test_framework\\tests\\api\\test_security.py\", line 162, in test_path_traversal\n    assert response.status_code in [\n    ...<3 lines>...\n    ], f\"路径遍历防护失败，状态码: {response.status_code}\"\n"}, "steps": [{"name": "发送GET请求", "status": "passed", "parameters": [{"name": "endpoint", "value": "'/files/../../../etc/passwd'"}, {"name": "expected_status", "value": "200"}], "start": 1766843499253, "stop": 1766843499781}], "attachments": [{"name": "路径遍历检测结果", "source": "60c03baa-d7ca-40d9-9f3e-3cf040b39000-attachment.attach"}], "start": 1766843499252, "stop": 1766843499783}], "attachments": [{"name": "失败信息", "source": "1f553bf9-e484-42cf-8382-f8bbfc381350-attachment.txt", "type": "text/plain"}, {"name": "log", "source": "cc491f0a-f728-4997-b503-5d7b3a0fed9e-attachment.txt", "type": "text/plain"}, {"name": "stdout", "source": "6aaf2fed-de63-431b-b00c-bf7821f35523-attachment.txt", "type": "text/plain"}], "start": 1766843499252, "stop": 1766843499784, "uuid": "3ae72a66-7384-4004-a790-c8d413d19b8d", "historyId": "51f7e849eb5a284057bf36aafbebc54b", "testCaseId": "51f7e849eb5a284057bf36aafbebc54b", "fullName": "tests.api.test_security.TestPathTraversal#test_path_traversal", "labels": [{"name": "severity", "value": "critical"}, {"name": "story", "value": "路径遍历检测"}, {"name": "feature", "value": "安全测试"}, {"name": "tag", "value": "api"}, {"name": "tag", "value": "security"}, {"name": "parentSuite", "value": "tests.api"}, {"name": "suite", "value": "test_security"}, {"name": "subSuite", "value": "TestPathTraversal"}, {"name": "host", "value": "lianxiang"}, {"name": "thread", "value": "23072-MainThread"}, {"name": "framework", "value": "pytest"}, {"name": "language", "value": "cpython3"}, {"name": "package", "value": "tests.api.test_security"}]}