{"name": "缺少必填字段", "status": "failed", "statusDetails": {"message": "AssertionError: 状态码不匹配: 期望 400, 实际 401", "trace": "tests\\api\\test_user_api.py:81: in test_missing_required_field\n    response = self.post(\"/users/register\", json=user_data, expected_status=400)\ncore\\base_test.py:51: in post\n    self.validator.validate_status_code(response, expected_status)\ncore\\validator.py:16: in validate_status_code\n    actual_status == expected_status\nE   AssertionError: 状态码不匹配: 期望 400, 实际 401"}, "steps": [{"name": "发送POST请求", "status": "failed", "statusDetails": {"message": "AssertionError: 状态码不匹配: 期望 400, 实际 401\n", "trace": "  File \"C:\\Users\\15071\\AppData\\Local\\Programs\\Python\\Python313\\Lib\\site-packages\\allure_commons\\_allure.py\", line 192, in impl\n    return func(*a, **kw)\n  File \"d:\\code\\test\\api_test_framework\\core\\base_test.py\", line 51, in post\n    self.validator.validate_status_code(response, expected_status)\n    ~~~~~~~~~~~~~~~~~~~~~~~~~~~~~~~~~~~^^^^^^^^^^^^^^^^^^^^^^^^^^^\n  File \"d:\\code\\test\\api_test_framework\\core\\validator.py\", line 16, in validate_status_code\n    actual_status == expected_status\n"}, "parameters": [{"name": "endpoint", "value": "'/users/register'"}, {"name": "expected_status", "value": "400"}, {"name": "json", "value": "{'username': 'guiyinglai', 'phone': '18965850018', 'name': '许玉华', 'age': 30, 'address': '河南省辽阳市滨城长沙路t座 974303', 'avatar': 'https://dummyimage.com/565x157'}"}], "start": 1766843504326, "stop": 1766843504941}], "attachments": [{"name": "失败信息", "source": "f3a2981f-74ad-496e-ae78-cb88b0703396-attachment.txt", "type": "text/plain"}, {"name": "log", "source": "2b77f90c-e563-4cb8-8b1e-f90b662f7c1a-attachment.txt", "type": "text/plain"}, {"name": "stdout", "source": "041c530d-ac11-4cca-8234-ba17d05339f0-attachment.txt", "type": "text/plain"}], "parameters": [{"name": "missing_field", "value": "'email'"}], "start": 1766843504325, "stop": 1766843504942, "uuid": "2171dae2-ede4-4e5f-a12a-4e60bd68b56d", "historyId": "e97b12c27ce064f8aebd0a25c189cc19", "testCaseId": "a7930302f75d437c6f45ada338e0aa10", "fullName": "tests.api.test_user_api.TestUserRegistration#test_missing_required_field", "labels": [{"name": "severity", "value": "normal"}, {"name": "feature", "value": "用户管理"}, {"name": "story", "value": "用户注册"}, {"name": "tag", "value": "api"}, {"name": "tag", "value": "regression"}, {"name": "parentSuite", "value": "tests.api"}, {"name": "suite", "value": "test_user_api"}, {"name": "subSuite", "value": "TestUserRegistration"}, {"name": "host", "value": "lianxiang"}, {"name": "thread", "value": "23072-MainThread"}, {"name": "framework", "value": "pytest"}, {"name": "language", "value": "cpython3"}, {"name": "package", "value": "tests.api.test_user_api"}]}