{"name": "缺少必填字段-extra_data", "status": "failed", "statusDetails": {"message": "AssertionError: 响应消息应该包含'扩展数据不能为空'，实际为'工单只能在组织中创建'\nassert '扩展数据不能为空' in '工单只能在组织中创建'", "trace": "tests\\api\\test_wo_api.py:183: in test_wo_api\n    self._run_validations(response, test_case[\"request\"], test_case[\"validations\"])\ntests\\api\\test_wo_api.py:133: in _run_validations\n    self._validate_message_contains(response, validation[\"expected\"])\ntests\\api\\test_wo_api.py:60: in _validate_message_contains\n    assert expected in response_data[\"message\"], f\"响应消息应该包含'{expected}'，实际为'{response_data['message']}'\"\nE   AssertionError: 响应消息应该包含'扩展数据不能为空'，实际为'工单只能在组织中创建'\nE   assert '扩展数据不能为空' in '工单只能在组织中创建'"}, "steps": [{"name": "测试用例: 缺少必填字段-extra_data", "status": "failed", "statusDetails": {"message": "AssertionError: 响应消息应该包含'扩展数据不能为空'，实际为'工单只能在组织中创建'\nassert '扩展数据不能为空' in '工单只能在组织中创建'\n", "trace": "  File \"D:\\code\\test\\api_test_framework\\tests\\api\\test_wo_api.py\", line 183, in test_wo_api\n    self._run_validations(response, test_case[\"request\"], test_case[\"validations\"])\n    ~~~~~~~~~~~~~~~~~~~~~^^^^^^^^^^^^^^^^^^^^^^^^^^^^^^^^^^^^^^^^^^^^^^^^^^^^^^^^^^\n  File \"D:\\code\\test\\api_test_framework\\tests\\api\\test_wo_api.py\", line 133, in _run_validations\n    self._validate_message_contains(response, validation[\"expected\"])\n    ~~~~~~~~~~~~~~~~~~~~~~~~~~~~~~~^^^^^^^^^^^^^^^^^^^^^^^^^^^^^^^^^^\n  File \"D:\\code\\test\\api_test_framework\\tests\\api\\test_wo_api.py\", line 60, in _validate_message_contains\n    assert expected in response_data[\"message\"], f\"响应消息应该包含'{expected}'，实际为'{response_data['message']}'\"\n"}, "steps": [{"name": "发送请求", "status": "passed", "attachments": [{"name": "响应内容", "source": "6d994b9b-7652-437c-83af-cab1a01eec6d-attachment.txt", "type": "text/plain"}, {"name": "请求数据", "source": "21c5c4a0-29fc-48ed-a6af-83377a52d457-attachment.json", "type": "application/json"}], "start": 1767004940907, "stop": 1767004941226}, {"name": "验证响应", "status": "failed", "statusDetails": {"message": "AssertionError: 响应消息应该包含'扩展数据不能为空'，实际为'工单只能在组织中创建'\nassert '扩展数据不能为空' in '工单只能在组织中创建'\n", "trace": "  File \"D:\\code\\test\\api_test_framework\\tests\\api\\test_wo_api.py\", line 183, in test_wo_api\n    self._run_validations(response, test_case[\"request\"], test_case[\"validations\"])\n    ~~~~~~~~~~~~~~~~~~~~~^^^^^^^^^^^^^^^^^^^^^^^^^^^^^^^^^^^^^^^^^^^^^^^^^^^^^^^^^^\n  File \"D:\\code\\test\\api_test_framework\\tests\\api\\test_wo_api.py\", line 133, in _run_validations\n    self._validate_message_contains(response, validation[\"expected\"])\n    ~~~~~~~~~~~~~~~~~~~~~~~~~~~~~~~^^^^^^^^^^^^^^^^^^^^^^^^^^^^^^^^^^\n  File \"D:\\code\\test\\api_test_framework\\tests\\api\\test_wo_api.py\", line 60, in _validate_message_contains\n    assert expected in response_data[\"message\"], f\"响应消息应该包含'{expected}'，实际为'{response_data['message']}'\"\n"}, "start": 1767004941226, "stop": 1767004941226}], "start": 1767004940907, "stop": 1767004941227}], "attachments": [{"name": "失败信息", "source": "1965d074-745d-4f43-b043-d1ec7a32efb1-attachment.txt", "type": "text/plain"}], "parameters": [{"name": "test_case_index", "value": "4"}], "start": 1767004940907, "stop": 1767004941228, "uuid": "005787e9-4ab0-4ecc-9a24-02373223ff7c", "historyId": "9f38690452cf43c9eb424bb06b43987e", "testCaseId": "5669fa0d7c46f548df7397704e776171", "fullName": "tests.api.test_wo_api.TestWoAPI#test_wo_api", "labels": [{"name": "feature", "value": "工单管理"}, {"name": "story", "value": "创建工单接口"}, {"name": "severity", "value": "critical"}, {"name": "tag", "value": "smoke"}, {"name": "tag", "value": "api"}, {"name": "tag", "value": "wo"}, {"name": "tag", "value": "wo"}, {"name": "tag", "value": "api"}, {"name": "tag", "value": "smoke"}, {"name": "parentSuite", "value": "tests.api"}, {"name": "suite", "value": "test_wo_api"}, {"name": "subSuite", "value": "TestWoAPI"}, {"name": "host", "value": "lianxiang"}, {"name": "thread", "value": "17292-MainThread"}, {"name": "framework", "value": "pytest"}, {"name": "language", "value": "cpython3"}, {"name": "package", "value": "tests.api.test_wo_api"}]}